#
# A fatal error has been detected by the Java Runtime Environment:
#
#  SIGSEGV (0xb) at pc=0x00007fe809a9b023, pid=16503, tid=0x00007fe7ec1f1700
#
# JRE version: OpenJDK Runtime Environment (8.0_242) (build 1.8.0_242-release-1644-b3-6222593)
# Java VM: OpenJDK 64-Bit Server VM (25.242-b3-6222593 mixed mode linux-amd64 compressed oops)
# Problematic frame:
# V  [libjvm.so+0x5fb023]  PhaseChaitin::build_ifg_physical(ResourceArea*)+0x1153
#
# Failed to write core dump. Core dumps have been disabled. To enable core dumping, try "ulimit -c unlimited" before starting Java again
#
# If you would like to submit a bug report, please visit:
#   http://bugreport.java.com/bugreport/crash.jsp
#

---------------  T H R E A D  ---------------

Current thread (0x00007fe8040bb800):  JavaThread "C2 CompilerThread1" daemon [_thread_in_native, id=16516, stack(0x00007fe7ec0f2000,0x00007fe7ec1f2000)]

siginfo: si_signo: 11 (SIGSEGV), si_code: 128 (SI_KERNEL), si_addr: 0x0000000000000000

Registers:
RAX=0x00007fe7ec1edb00, RBX=0x00007fe7cc3ac6c0, RCX=0x0000000000000200, RDX=0x0000000000000011
RSP=0x00007fe7ec1ed650, RBP=0x00007fe7ec1ed8a0, RSI=0x00007fe7c0af07e8, RDI=0x00047fe7c0429e70
R8 =0x000000000000000c, R9 =0x00000000000003e0, R10=0x00000000000712a8, R11=0x00007fe7c0af07e8
R12=0x00007fe7c083aa00, R13=0x000000000000000a, R14=0x0000000000001169, R15=0x00007fe7ec1edb90
RIP=0x00007fe809a9b023, EFLAGS=0x0000000000010246, CSGSFS=0x002b000000000033, ERR=0x0000000000000000
  TRAPNO=0x000000000000000d

Top of Stack: (sp=0x00007fe7ec1ed650)
0x00007fe7ec1ed650:   00007fe7cc3f4200 00007fe7ec1ed6d0
0x00007fe7ec1ed660:   00007fe7ec1ed6e0 fffffffe00000003
0x00007fe7ec1ed670:   00007fe7c4141b20 0000000000000000
0x00007fe7ec1ed680:   00007fe7ec1ed720 00007fe7ec1ed750
0x00007fe7ec1ed690:   000000000000009d 00007fe7ec1ed7d0
0x00007fe7ec1ed6a0:   000000110000035a 00007fe7c0af7c80
0x00007fe7ec1ed6b0:   00007fe7c083aa00 00007fe7c083aa00
0x00007fe7ec1ed6c0:   0000000800000009 3e42caaa20000000
0x00007fe7ec1ed6d0:   0000000000000005 00007fe7ccc1d730
0x00007fe7ec1ed6e0:   0000001000000012 00007fe7c0670828
0x00007fe7ec1ed6f0:   00000000c0000000 0000000000000000
0x00007fe7ec1ed700:   0000000000000000 0000000000000000
0x00007fe7ec1ed710:   0000000000000000 00007fe809c06949
0x00007fe7ec1ed720:   ffffffff3f3fffff ffffffffffffffff
0x00007fe7ec1ed730:   00000003ffffffff 0000000000000000
0x00007fe7ec1ed740:   0000000000000000 7adb299d8b231600
0x00007fe7ec1ed750:   0000124f00000000 00007fe700000008
0x00007fe7ec1ed760:   00007fe7ccd29160 00007fe800000001
0x00007fe7ec1ed770:   00007fe7ccd29610 00007fe800000001
0x00007fe7ec1ed780:   00007fe7ec1ed7d0 00007fe8097851d6
0x00007fe7ec1ed790:   0000000500000000 0303030300000008
0x00007fe7ec1ed7a0:   00007fe7ccd29120 0000000000000013
0x00007fe7ec1ed7b0:   00007fe7ccd29da0 0000000000000013
0x00007fe7ec1ed7c0:   00007fe7ec1ed7d0 00007fe7ec1ed990
0x00007fe7ec1ed7d0:   00007fe70000000e 00007fe7ccd29da0
0x00007fe7ec1ed7e0:   00007fe7ec1ed7f0 0000000000184c28
0x00007fe7ec1ed7f0:   00007fe79c274148 00007fe79c26c1b0
0x00007fe7ec1ed800:   00007fe80401c520 00007fe79c26c160
0x00007fe7ec1ed810:   00007fe80a18ba10 00007fe7ec1ed850
0x00007fe7ec1ed820:   00000000ec1ed8a0 0000000000000038
0x00007fe7ec1ed830:   00007fe7c0670828 00007fe700000001
0x00007fe7ec1ed840:   000000000000006f 00007fe7000003b3 

Instructions: (pc=0x00007fe809a9b023)
0x00007fe809a9b003:   49 83 7b 18 ff 0f 84 b1 f6 ff ff 83 7b 20 01 0f
0x00007fe809a9b013:   85 a7 f6 ff ff 48 8b 43 10 48 8b 38 49 8b 47 48
0x00007fe809a9b023:   8b 77 28 48 8b 40 68 4c 3b 24 f0 0f 85 8b f6 ff
0x00007fe809a9b033:   ff 44 3b ad 04 fe ff ff 48 89 de 77 35 45 8b 4c 

Register to memory mapping:

RAX=0x00007fe7ec1edb00 is pointing into the stack for thread: 0x00007fe8040bb800
RBX=0x00007fe7cc3ac6c0 is an unknown value
RCX=0x0000000000000200 is an unknown value
RDX=0x0000000000000011 is an unknown value
RSP=0x00007fe7ec1ed650 is pointing into the stack for thread: 0x00007fe8040bb800
RBP=0x00007fe7ec1ed8a0 is pointing into the stack for thread: 0x00007fe8040bb800
RSI=0x00007fe7c0af07e8 is an unknown value
RDI=0x00047fe7c0429e70 is an unknown value
R8 =0x000000000000000c is an unknown value
R9 =0x00000000000003e0 is an unknown value
R10=0x00000000000712a8 is an unknown value
R11=0x00007fe7c0af07e8 is an unknown value
R12=0x00007fe7c083aa00 is an unknown value
R13=0x000000000000000a is an unknown value
R14=0x0000000000001169 is an unknown value
R15=0x00007fe7ec1edb90 is pointing into the stack for thread: 0x00007fe8040bb800


Stack: [0x00007fe7ec0f2000,0x00007fe7ec1f2000],  sp=0x00007fe7ec1ed650,  free space=1005k
Native frames: (J=compiled Java code, j=interpreted, Vv=VM code, C=native code)
V  [libjvm.so+0x5fb023]  PhaseChaitin::build_ifg_physical(ResourceArea*)+0x1153
V  [libjvm.so+0x3fbd28]  PhaseChaitin::Register_Allocate()+0x5f8
V  [libjvm.so+0x483a68]  Compile::Code_Gen()+0x2d8
V  [libjvm.so+0x484dce]  Compile::Compile(ciEnv*, C2Compiler*, ciMethod*, int, bool, bool, bool)+0x113e
V  [libjvm.so+0x3dfc48]  C2Compiler::compile_method(ciEnv*, ciMethod*, int)+0x1c8
V  [libjvm.so+0x48d382]  CompileBroker::invoke_compiler_on_method(CompileTask*)+0x852
V  [libjvm.so+0x48e228]  CompileBroker::compiler_thread_loop()+0x4e8
V  [libjvm.so+0x9bef08]  JavaThread::thread_main_inner()+0xd8
V  [libjvm.so+0x8760c2]  java_start(Thread*)+0xf2
C  [libpthread.so.0+0x9609]  start_thread+0xd9


Current CompileTask:
C2:   2542 1914  s!   4       sun.misc.URLClassPath::getLoader (243 bytes)


---------------  P R O C E S S  ---------------

Java Threads: ( => current thread )
  0x00007fe79d0cf000 JavaThread "Cache worker for execution history cache (/home/prasad/.gradle/caches/6.1.1/executionHistory)" [_thread_blocked, id=16557, stack(0x00007fe7d4533000,0x00007fe7d4634000)]
  0x00007fe79c2f7000 JavaThread "Cache worker for cache directory md-rule (/home/prasad/.gradle/caches/6.1.1/md-rule)" [_thread_blocked, id=16556, stack(0x00007fe7d4ab0000,0x00007fe7d4bb1000)]
  0x00007fe79d04f000 JavaThread "Cache worker for cache directory md-supplier (/home/prasad/.gradle/caches/6.1.1/md-supplier)" [_thread_blocked, id=16555, stack(0x00007fe7d4bb1000,0x00007fe7d4cb2000)]
  0x00007fe79c794800 JavaThread "Cache worker for file hash cache (/home/prasad/Android/AndroidProjects/Anypay/.gradle/6.1.1/fileHashes)" [_thread_blocked, id=16536, stack(0x00007fe7d4cb2000,0x00007fe7d4db3000)]
  0x00007fe79c78d800 JavaThread "Cache worker for checksums cache (/home/prasad/Android/AndroidProjects/Anypay/.gradle/checksums)" [_thread_blocked, id=16535, stack(0x00007fe7d4db3000,0x00007fe7d4eb4000)]
  0x00007fe79c188000 JavaThread "Cache worker for file hash cache (/home/prasad/.gradle/caches/6.1.1/fileHashes)" [_thread_blocked, id=16534, stack(0x00007fe7d50b4000,0x00007fe7d51b5000)]
  0x00007fe79c20a800 JavaThread "File lock request listener" [_thread_in_native, id=16533, stack(0x00007fe7d51b5000,0x00007fe7d52b6000)]
  0x00007fe79c201800 JavaThread "Cache worker for journal cache (/home/prasad/.gradle/caches/journal-1)" [_thread_blocked, id=16532, stack(0x00007fe7d52b6000,0x00007fe7d53b7000)]
  0x00007fe79c013000 JavaThread "Thread-9" [_thread_blocked, id=16531, stack(0x00007fe7d55b7000,0x00007fe7d56b8000)]
  0x00007fe79c00b000 JavaThread "Stdin handler" [_thread_blocked, id=16530, stack(0x00007fe7d56b8000,0x00007fe7d57b9000)]
  0x00007fe79c007800 JavaThread "Asynchronous log dispatcher for DefaultDaemonConnection: socket connection from /127.0.0.1:44649 to /127.0.0.1:48986" [_thread_blocked, id=16529, stack(0x00007fe7d57b9000,0x00007fe7d58ba000)]
  0x00007fe7a0009000 JavaThread "Daemon worker" [_thread_in_vm, id=16526, stack(0x00007fe7d5aba000,0x00007fe7d5bbb000)]
  0x00007fe7a0007000 JavaThread "Cancel handler" [_thread_blocked, id=16525, stack(0x00007fe7d5bbb000,0x00007fe7d5cbc000)]
  0x00007fe7a0003800 JavaThread "Handler for socket connection from /127.0.0.1:44649 to /127.0.0.1:48986" [_thread_in_native, id=16524, stack(0x00007fe7d5cbc000,0x00007fe7d5dbd000)]
  0x00007fe7a802d800 JavaThread "Daemon" [_thread_blocked, id=16523, stack(0x00007fe7d5dbd000,0x00007fe7d5ebe000)]
  0x00007fe8053d3000 JavaThread "Daemon periodic checks" [_thread_blocked, id=16522, stack(0x00007fe7d5ebe000,0x00007fe7d5fbf000)]
  0x00007fe8053b2800 JavaThread "Incoming local TCP Connector on port 44649" [_thread_in_native, id=16521, stack(0x00007fe7d5fc6000,0x00007fe7d60c7000)]
  0x00007fe805352800 JavaThread "Daemon health stats" [_thread_blocked, id=16520, stack(0x00007fe7d62cc000,0x00007fe7d63cd000)]
  0x00007fe8040c8800 JavaThread "Service Thread" daemon [_thread_blocked, id=16518, stack(0x00007fe7d7020000,0x00007fe7d7121000)]
  0x00007fe8040bd800 JavaThread "C1 CompilerThread2" daemon [_thread_blocked, id=16517, stack(0x00007fe7d7122000,0x00007fe7d7222000)]
=>0x00007fe8040bb800 JavaThread "C2 CompilerThread1" daemon [_thread_in_native, id=16516, stack(0x00007fe7ec0f2000,0x00007fe7ec1f2000)]
  0x00007fe8040b8800 JavaThread "C2 CompilerThread0" daemon [_thread_in_native, id=16515, stack(0x00007fe7ec1f3000,0x00007fe7ec2f3000)]
  0x00007fe8040b7000 JavaThread "Signal Dispatcher" daemon [_thread_blocked, id=16514, stack(0x00007fe7ec2f3000,0x00007fe7ec3f4000)]
  0x00007fe804086000 JavaThread "Finalizer" daemon [_thread_blocked, id=16513, stack(0x00007fe7ec3f4000,0x00007fe7ec4f5000)]
  0x00007fe804081800 JavaThread "Reference Handler" daemon [_thread_blocked, id=16512, stack(0x00007fe7ec4f5000,0x00007fe7ec5f6000)]
  0x00007fe80400b000 JavaThread "main" [_thread_blocked, id=16506, stack(0x00007fe809251000,0x00007fe809351000)]

Other Threads:
  0x00007fe804078000 VMThread [stack: 0x00007fe7ec5f7000,0x00007fe7ec6f7000] [id=16511]
  0x00007fe8040cb000 WatcherThread [stack: 0x00007fe7d6f20000,0x00007fe7d7020000] [id=16519]

VM state:not at safepoint (normal execution)

VM Mutex/Monitor currently owned by a thread: None

heap address: 0x00000000a0000000, size: 1536 MB, Compressed Oops mode: 32-bit
Narrow klass base: 0x0000000000000000, Narrow klass shift: 3
Compressed class space size: 1073741824 Address: 0x0000000100000000

Heap:
 PSYoungGen      total 200192K, used 45528K [0x00000000e0000000, 0x00000000ecb00000, 0x0000000100000000)
  eden space 192512K, 23% used [0x00000000e0000000,0x00000000e2c76338,0x00000000ebc00000)
  from space 7680K, 0% used [0x00000000ec380000,0x00000000ec380000,0x00000000ecb00000)
  to   space 7680K, 0% used [0x00000000ebc00000,0x00000000ebc00000,0x00000000ec380000)
 ParOldGen       total 71168K, used 7560K [0x00000000a0000000, 0x00000000a4580000, 0x00000000e0000000)
  object space 71168K, 10% used [0x00000000a0000000,0x00000000a07621b0,0x00000000a4580000)
 Metaspace       used 26989K, capacity 27556K, committed 27824K, reserved 1073152K
  class space    used 3737K, capacity 3932K, committed 4016K, reserved 1048576K

Card table byte_map: [0x00007fe808b17000,0x00007fe808e18000] byte_map_base: 0x00007fe808617000

Marking Bits: (ParMarkBitMap*) 0x00007fe80a1b57e0
 Begin Bits: [0x00007fe7ed000000, 0x00007fe7ee800000)
 End Bits:   [0x00007fe7ee800000, 0x00007fe7f0000000)

Polling page: 0x00007fe80a457000

CodeCache: size=245760Kb used=6537Kb max_used=6537Kb free=239222Kb
 bounds [0x00007fe7f5000000, 0x00007fe7f5670000, 0x00007fe804000000]
 total_blobs=2391 nmethods=1959 adapters=346
 compilation: enabled

Compilation events (10 events):
Event: 2.523 Thread 0x00007fe8040bd800 1969       3       com.sun.beans.TypeResolver::erase (167 bytes)
Event: 2.524 Thread 0x00007fe8040bd800 nmethod 1969 0x00007fe7f5661fd0 code [0x00007fe7f5662300, 0x00007fe7f5663fc8]
Event: 2.525 Thread 0x00007fe8040bd800 1970       3       org.codehaus.groovy.util.ComplexKeyHashMap::hash (31 bytes)
Event: 2.525 Thread 0x00007fe8040bd800 nmethod 1970 0x00007fe7f5664810 code [0x00007fe7f5664960, 0x00007fe7f5664ab0]
Event: 2.527 Thread 0x00007fe8040bd800 1971       3       java.util.concurrent.locks.ReentrantLock::lock (8 bytes)
Event: 2.527 Thread 0x00007fe8040bd800 nmethod 1971 0x00007fe7f5664b50 code [0x00007fe7f5664cc0, 0x00007fe7f5664ee8]
Event: 2.527 Thread 0x00007fe8040bd800 1972       3       java.util.concurrent.locks.ReentrantLock$NonfairSync::lock (25 bytes)
Event: 2.527 Thread 0x00007fe8040bd800 nmethod 1972 0x00007fe7f5664f90 code [0x00007fe7f5665160, 0x00007fe7f56659b8]
Event: 2.533 Thread 0x00007fe8040bd800 1973       3       java.util.concurrent.ConcurrentHashMap::put (8 bytes)
Event: 2.533 Thread 0x00007fe8040bd800 nmethod 1973 0x00007fe7f5665c10 code [0x00007fe7f5665d80, 0x00007fe7f5665f88]

GC Heap History (10 events):
Event: 0.617 GC heap before
{Heap before GC invocations=1 (full 0):
 PSYoungGen      total 55808K, used 48128K [0x00000000e0000000, 0x00000000e3e00000, 0x0000000100000000)
  eden space 48128K, 100% used [0x00000000e0000000,0x00000000e2f00000,0x00000000e2f00000)
  from space 7680K, 0% used [0x00000000e3680000,0x00000000e3680000,0x00000000e3e00000)
  to   space 7680K, 0% used [0x00000000e2f00000,0x00000000e2f00000,0x00000000e3680000)
 ParOldGen       total 126976K, used 0K [0x00000000a0000000, 0x00000000a7c00000, 0x00000000e0000000)
  object space 126976K, 0% used [0x00000000a0000000,0x00000000a0000000,0x00000000a7c00000)
 Metaspace       used 7539K, capacity 7760K, committed 8064K, reserved 1056768K
  class space    used 925K, capacity 1032K, committed 1152K, reserved 1048576K
Event: 0.623 GC heap after
Heap after GC invocations=1 (full 0):
 PSYoungGen      total 55808K, used 5013K [0x00000000e0000000, 0x00000000e6d00000, 0x0000000100000000)
  eden space 48128K, 0% used [0x00000000e0000000,0x00000000e0000000,0x00000000e2f00000)
  from space 7680K, 65% used [0x00000000e2f00000,0x00000000e33e5400,0x00000000e3680000)
  to   space 7680K, 0% used [0x00000000e6580000,0x00000000e6580000,0x00000000e6d00000)
 ParOldGen       total 126976K, used 8K [0x00000000a0000000, 0x00000000a7c00000, 0x00000000e0000000)
  object space 126976K, 0% used [0x00000000a0000000,0x00000000a0002000,0x00000000a7c00000)
 Metaspace       used 7539K, capacity 7760K, committed 8064K, reserved 1056768K
  class space    used 925K, capacity 1032K, committed 1152K, reserved 1048576K
}
Event: 1.071 GC heap before
{Heap before GC invocations=2 (full 0):
 PSYoungGen      total 55808K, used 53141K [0x00000000e0000000, 0x00000000e6d00000, 0x0000000100000000)
  eden space 48128K, 100% used [0x00000000e0000000,0x00000000e2f00000,0x00000000e2f00000)
  from space 7680K, 65% used [0x00000000e2f00000,0x00000000e33e5400,0x00000000e3680000)
  to   space 7680K, 0% used [0x00000000e6580000,0x00000000e6580000,0x00000000e6d00000)
 ParOldGen       total 126976K, used 8K [0x00000000a0000000, 0x00000000a7c00000, 0x00000000e0000000)
  object space 126976K, 0% used [0x00000000a0000000,0x00000000a0002000,0x00000000a7c00000)
 Metaspace       used 12247K, capacity 12518K, committed 12672K, reserved 1060864K
  class space    used 1682K, capacity 1811K, committed 1920K, reserved 1048576K
Event: 1.084 GC heap after
Heap after GC invocations=2 (full 0):
 PSYoungGen      total 103936K, used 7216K [0x00000000e0000000, 0x00000000e6d00000, 0x0000000100000000)
  eden space 96256K, 0% used [0x00000000e0000000,0x00000000e0000000,0x00000000e5e00000)
  from space 7680K, 93% used [0x00000000e6580000,0x00000000e6c8c348,0x00000000e6d00000)
  to   space 7680K, 0% used [0x00000000e5e00000,0x00000000e5e00000,0x00000000e6580000)
 ParOldGen       total 126976K, used 16K [0x00000000a0000000, 0x00000000a7c00000, 0x00000000e0000000)
  object space 126976K, 0% used [0x00000000a0000000,0x00000000a0004000,0x00000000a7c00000)
 Metaspace       used 12247K, capacity 12518K, committed 12672K, reserved 1060864K
  class space    used 1682K, capacity 1811K, committed 1920K, reserved 1048576K
}
Event: 1.918 GC heap before
{Heap before GC invocations=3 (full 0):
 PSYoungGen      total 103936K, used 103472K [0x00000000e0000000, 0x00000000e6d00000, 0x0000000100000000)
  eden space 96256K, 100% used [0x00000000e0000000,0x00000000e5e00000,0x00000000e5e00000)
  from space 7680K, 93% used [0x00000000e6580000,0x00000000e6c8c348,0x00000000e6d00000)
  to   space 7680K, 0% used [0x00000000e5e00000,0x00000000e5e00000,0x00000000e6580000)
 ParOldGen       total 126976K, used 16K [0x00000000a0000000, 0x00000000a7c00000, 0x00000000e0000000)
  object space 126976K, 0% used [0x00000000a0000000,0x00000000a0004000,0x00000000a7c00000)
 Metaspace       used 20348K, capacity 20878K, committed 20992K, reserved 1067008K
  class space    used 2874K, capacity 3053K, committed 3072K, reserved 1048576K
Event: 1.940 GC heap after
Heap after GC invocations=3 (full 0):
 PSYoungGen      total 103936K, used 7656K [0x00000000e0000000, 0x00000000ecb00000, 0x0000000100000000)
  eden space 96256K, 0% used [0x00000000e0000000,0x00000000e0000000,0x00000000e5e00000)
  from space 7680K, 99% used [0x00000000e5e00000,0x00000000e657a398,0x00000000e6580000)
  to   space 7680K, 0% used [0x00000000ec380000,0x00000000ec380000,0x00000000ecb00000)
 ParOldGen       total 126976K, used 6260K [0x00000000a0000000, 0x00000000a7c00000, 0x00000000e0000000)
  object space 126976K, 4% used [0x00000000a0000000,0x00000000a061d060,0x00000000a7c00000)
 Metaspace       used 20348K, capacity 20878K, committed 20992K, reserved 1067008K
  class space    used 2874K, capacity 3053K, committed 3072K, reserved 1048576K
}
Event: 1.977 GC heap before
{Heap before GC invocations=4 (full 0):
 PSYoungGen      total 103936K, used 15534K [0x00000000e0000000, 0x00000000ecb00000, 0x0000000100000000)
  eden space 96256K, 8% used [0x00000000e0000000,0x00000000e07b17f0,0x00000000e5e00000)
  from space 7680K, 99% used [0x00000000e5e00000,0x00000000e657a398,0x00000000e6580000)
  to   space 7680K, 0% used [0x00000000ec380000,0x00000000ec380000,0x00000000ecb00000)
 ParOldGen       total 126976K, used 6260K [0x00000000a0000000, 0x00000000a7c00000, 0x00000000e0000000)
  object space 126976K, 4% used [0x00000000a0000000,0x00000000a061d060,0x00000000a7c00000)
 Metaspace       used 20679K, capacity 21166K, committed 21296K, reserved 1067008K
  class space    used 2913K, capacity 3085K, committed 3120K, reserved 1048576K
Event: 1.985 GC heap after
Heap after GC invocations=4 (full 0):
 PSYoungGen      total 200192K, used 7167K [0x00000000e0000000, 0x00000000ecb00000, 0x0000000100000000)
  eden space 192512K, 0% used [0x00000000e0000000,0x00000000e0000000,0x00000000ebc00000)
  from space 7680K, 93% used [0x00000000ec380000,0x00000000eca7fd40,0x00000000ecb00000)
  to   space 7680K, 0% used [0x00000000ebc00000,0x00000000ebc00000,0x00000000ec380000)
 ParOldGen       total 126976K, used 6268K [0x00000000a0000000, 0x00000000a7c00000, 0x00000000e0000000)
  object space 126976K, 4% used [0x00000000a0000000,0x00000000a061f060,0x00000000a7c00000)
 Metaspace       used 20679K, capacity 21166K, committed 21296K, reserved 1067008K
  class space    used 2913K, capacity 3085K, committed 3120K, reserved 1048576K
}
Event: 1.985 GC heap before
{Heap before GC invocations=5 (full 1):
 PSYoungGen      total 200192K, used 7167K [0x00000000e0000000, 0x00000000ecb00000, 0x0000000100000000)
  eden space 192512K, 0% used [0x00000000e0000000,0x00000000e0000000,0x00000000ebc00000)
  from space 7680K, 93% used [0x00000000ec380000,0x00000000eca7fd40,0x00000000ecb00000)
  to   space 7680K, 0% used [0x00000000ebc00000,0x00000000ebc00000,0x00000000ec380000)
 ParOldGen       total 126976K, used 6268K [0x00000000a0000000, 0x00000000a7c00000, 0x00000000e0000000)
  object space 126976K, 4% used [0x00000000a0000000,0x00000000a061f060,0x00000000a7c00000)
 Metaspace       used 20679K, capacity 21166K, committed 21296K, reserved 1067008K
  class space    used 2913K, capacity 3085K, committed 3120K, reserved 1048576K
Event: 2.013 GC heap after
Heap after GC invocations=5 (full 1):
 PSYoungGen      total 200192K, used 0K [0x00000000e0000000, 0x00000000ecb00000, 0x0000000100000000)
  eden space 192512K, 0% used [0x00000000e0000000,0x00000000e0000000,0x00000000ebc00000)
  from space 7680K, 0% used [0x00000000ec380000,0x00000000ec380000,0x00000000ecb00000)
  to   space 7680K, 0% used [0x00000000ebc00000,0x00000000ebc00000,0x00000000ec380000)
 ParOldGen       total 71168K, used 7560K [0x00000000a0000000, 0x00000000a4580000, 0x00000000e0000000)
  object space 71168K, 10% used [0x00000000a0000000,0x00000000a07621b0,0x00000000a4580000)
 Metaspace       used 20679K, capacity 21166K, committed 21296K, reserved 1067008K
  class space    used 2913K, capacity 3085K, committed 3120K, reserved 1048576K
}

Deoptimization events (10 events):
Event: 1.192 Thread 0x00007fe7a0009000 Uncommon trap: reason=class_check action=maybe_recompile pc=0x00007fe7f52eb068 method=java.util.regex.Matcher.match(II)Z @ 86
Event: 1.202 Thread 0x00007fe7a0009000 Uncommon trap: reason=class_check action=maybe_recompile pc=0x00007fe7f52eb068 method=java.util.regex.Matcher.match(II)Z @ 86
Event: 1.202 Thread 0x00007fe7a0009000 Uncommon trap: reason=class_check action=maybe_recompile pc=0x00007fe7f52eb068 method=java.util.regex.Matcher.match(II)Z @ 86
Event: 1.203 Thread 0x00007fe7a0009000 Uncommon trap: reason=class_check action=maybe_recompile pc=0x00007fe7f51bb3dc method=java.util.regex.Matcher.match(II)Z @ 86
Event: 1.347 Thread 0x00007fe7a0009000 Uncommon trap: reason=unstable_if action=reinterpret pc=0x00007fe7f52e20b0 method=java.io.File.getName()Ljava/lang/String; @ 16
Event: 1.347 Thread 0x00007fe7a0009000 Uncommon trap: reason=unstable_if action=reinterpret pc=0x00007fe7f52df700 method=java.lang.String.substring(I)Ljava/lang/String; @ 35
Event: 1.469 Thread 0x00007fe7a0009000 Uncommon trap: reason=unstable_if action=reinterpret pc=0x00007fe7f54360cc method=java.util.HashMap.putVal(ILjava/lang/Object;Ljava/lang/Object;ZZ)Ljava/lang/Object; @ 236
Event: 1.840 Thread 0x00007fe7a0009000 Uncommon trap: reason=unstable_if action=reinterpret pc=0x00007fe7f543801c method=java.util.HashMap.hash(Ljava/lang/Object;)I @ 1
Event: 1.965 Thread 0x00007fe7a0009000 Uncommon trap: reason=unstable_if action=reinterpret pc=0x00007fe7f52d28ec method=java.io.UnixFileSystem.resolve(Ljava/lang/String;Ljava/lang/String;)Ljava/lang/String; @ 18
Event: 2.026 Thread 0x00007fe7a0009000 Uncommon trap: reason=unstable_if action=reinterpret pc=0x00007fe7f52e0174 method=java.util.LinkedHashMap.afterNodeInsertion(Z)V @ 1

Classes redefined (0 events):
No events

Internal exceptions (10 events):
Event: 2.463 Thread 0x00007fe7a0009000 Exception <a 'java/lang/ClassNotFoundException': groovy/lang/ExpandoMetaClassBeanInfo> (0x00000000e261cff0) thrown at [/buildbot/src/googleplex-android/openjdk/out/hotspot/src/share/vm/classfile/systemDictionary.cpp, line 210]
Event: 2.463 Thread 0x00007fe7a0009000 Exception <a 'java/lang/ClassNotFoundException': groovy/lang/MetaClassImplBeanInfo> (0x00000000e262fda8) thrown at [/buildbot/src/googleplex-android/openjdk/out/hotspot/src/share/vm/classfile/systemDictionary.cpp, line 210]
Event: 2.464 Thread 0x00007fe7a0009000 Exception <a 'java/lang/ClassNotFoundException': java/lang/ObjectBeanInfo> (0x00000000e2638720) thrown at [/buildbot/src/googleplex-android/openjdk/out/hotspot/src/share/vm/classfile/systemDictionary.cpp, line 210]
Event: 2.464 Thread 0x00007fe7a0009000 Exception <a 'java/lang/ClassNotFoundException': java/lang/ObjectCustomizer> (0x00000000e26411e0) thrown at [/buildbot/src/googleplex-android/openjdk/out/hotspot/src/share/vm/classfile/systemDictionary.cpp, line 210]
Event: 2.472 Thread 0x00007fe7a0009000 Exception <a 'java/lang/ClassNotFoundException': groovy/lang/MetaClassImplCustomizer> (0x00000000e265a850) thrown at [/buildbot/src/googleplex-android/openjdk/out/hotspot/src/share/vm/classfile/systemDictionary.cpp, line 210]
Event: 2.475 Thread 0x00007fe7a0009000 Exception <a 'java/lang/ClassNotFoundException': groovy/lang/ExpandoMetaClassCustomizer> (0x00000000e2692b80) thrown at [/buildbot/src/googleplex-android/openjdk/out/hotspot/src/share/vm/classfile/systemDictionary.cpp, line 210]
Event: 2.521 Thread 0x00007fe7a0009000 Exception <a 'java/lang/ClassNotFoundException': org/gradle/internal/extensibility/DefaultExtraPropertiesExtensionBeanInfo> (0x00000000e29136a8) thrown at [/buildbot/src/googleplex-android/openjdk/out/hotspot/src/share/vm/classfile/systemDictionary.cpp, l
Event: 2.521 Thread 0x00007fe7a0009000 Exception <a 'java/lang/ClassNotFoundException': groovy/lang/GroovyObjectSupportBeanInfo> (0x00000000e29282a8) thrown at [/buildbot/src/googleplex-android/openjdk/out/hotspot/src/share/vm/classfile/systemDictionary.cpp, line 210]
Event: 2.521 Thread 0x00007fe7a0009000 Exception <a 'java/lang/ClassNotFoundException': groovy/lang/GroovyObjectSupportCustomizer> (0x00000000e293d478) thrown at [/buildbot/src/googleplex-android/openjdk/out/hotspot/src/share/vm/classfile/systemDictionary.cpp, line 210]
Event: 2.522 Thread 0x00007fe7a0009000 Exception <a 'java/lang/ClassNotFoundException': org/gradle/internal/extensibility/DefaultExtraPropertiesExtensionCustomizer> (0x00000000e2961cd8) thrown at [/buildbot/src/googleplex-android/openjdk/out/hotspot/src/share/vm/classfile/systemDictionary.cpp,

Events (10 events):
Event: 2.537 loading class org/gradle/api/Script
Event: 2.537 loading class org/gradle/api/Script done
Event: 2.537 loading class org/gradle/groovy/scripts/internal/InitialPassStatementTransformer
Event: 2.537 loading class org/gradle/groovy/scripts/internal/InitialPassStatementTransformer done
Event: 2.538 loading class org/gradle/plugin/use/internal/PluginUseScriptBlockMetadataCompiler
Event: 2.538 loading class org/gradle/plugin/use/internal/PluginUseScriptBlockMetadataCompiler done
Event: 2.539 loading class org/gradle/groovy/scripts/internal/SubsetScriptTransformer
Event: 2.539 loading class org/gradle/groovy/scripts/internal/SubsetScriptTransformer done
Event: 2.539 loading class org/gradle/groovy/scripts/internal/AbstractScriptTransformer
Event: 2.539 loading class org/gradle/groovy/scripts/internal/AbstractScriptTransformer done


Dynamic libraries:
00400000-00401000 r-xp 00000000 07:01 664                                /snap/android-studio/91/android-studio/jre/bin/java
00401000-00402000 r--p 00000000 07:01 664                                /snap/android-studio/91/android-studio/jre/bin/java
00402000-00403000 rw-p 00001000 07:01 664                                /snap/android-studio/91/android-studio/jre/bin/java
0202f000-02050000 rw-p 00000000 00:00 0                                  [heap]
a0000000-a4580000 rw-p 00000000 00:00 0 
a4580000-e0000000 ---p 00000000 00:00 0 
e0000000-ecb00000 rw-p 00000000 00:00 0 
ecb00000-100000000 ---p 00000000 00:00 0 
100000000-1003ec000 rw-p 00000000 00:00 0 
1003ec000-140000000 ---p 00000000 00:00 0 
7fe770000000-7fe770021000 rw-p 00000000 00:00 0 
7fe770021000-7fe774000000 ---p 00000000 00:00 0 
7fe774000000-7fe774021000 rw-p 00000000 00:00 0 
7fe774021000-7fe778000000 ---p 00000000 00:00 0 
7fe778000000-7fe778021000 rw-p 00000000 00:00 0 
7fe778021000-7fe77c000000 ---p 00000000 00:00 0 
7fe77c000000-7fe77c021000 rw-p 00000000 00:00 0 
7fe77c021000-7fe780000000 ---p 00000000 00:00 0 
7fe780000000-7fe780021000 rw-p 00000000 00:00 0 
7fe780021000-7fe784000000 ---p 00000000 00:00 0 
7fe784000000-7fe784021000 rw-p 00000000 00:00 0 
7fe784021000-7fe788000000 ---p 00000000 00:00 0 
7fe788000000-7fe788021000 rw-p 00000000 00:00 0 
7fe788021000-7fe78c000000 ---p 00000000 00:00 0 
7fe78c000000-7fe78c021000 rw-p 00000000 00:00 0 
7fe78c021000-7fe790000000 ---p 00000000 00:00 0 
7fe790000000-7fe790021000 rw-p 00000000 00:00 0 
7fe790021000-7fe794000000 ---p 00000000 00:00 0 
7fe794000000-7fe794021000 rw-p 00000000 00:00 0 
7fe794021000-7fe798000000 ---p 00000000 00:00 0 
7fe798000000-7fe798021000 rw-p 00000000 00:00 0 
7fe798021000-7fe79c000000 ---p 00000000 00:00 0 
7fe79c000000-7fe79d25e000 rw-p 00000000 00:00 0 
7fe79d25e000-7fe7a0000000 ---p 00000000 00:00 0 
7fe7a0000000-7fe7a0021000 rw-p 00000000 00:00 0 
7fe7a0021000-7fe7a4000000 ---p 00000000 00:00 0 
7fe7a4000000-7fe7a4021000 rw-p 00000000 00:00 0 
7fe7a4021000-7fe7a8000000 ---p 00000000 00:00 0 
7fe7a8000000-7fe7a806a000 rw-p 00000000 00:00 0 
7fe7a806a000-7fe7ac000000 ---p 00000000 00:00 0 
7fe7ac000000-7fe7ac021000 rw-p 00000000 00:00 0 
7fe7ac021000-7fe7b0000000 ---p 00000000 00:00 0 
7fe7b0000000-7fe7b0021000 rw-p 00000000 00:00 0 
7fe7b0021000-7fe7b4000000 ---p 00000000 00:00 0 
7fe7b4fff000-7fe7b8000000 rw-p 00000000 00:00 0 
7fe7b8000000-7fe7b8021000 rw-p 00000000 00:00 0 
7fe7b8021000-7fe7bc000000 ---p 00000000 00:00 0 
7fe7bc000000-7fe7bc021000 rw-p 00000000 00:00 0 
7fe7bc021000-7fe7c0000000 ---p 00000000 00:00 0 
7fe7c0000000-7fe7c1598000 rw-p 00000000 00:00 0 
7fe7c1598000-7fe7c4000000 ---p 00000000 00:00 0 
7fe7c4000000-7fe7c49c4000 rw-p 00000000 00:00 0 
7fe7c49c4000-7fe7c8000000 ---p 00000000 00:00 0 
7fe7c8000000-7fe7c8021000 rw-p 00000000 00:00 0 
7fe7c8021000-7fe7cc000000 ---p 00000000 00:00 0 
7fe7cc000000-7fe7cd4e8000 rw-p 00000000 00:00 0 
7fe7cd4e8000-7fe7d0000000 ---p 00000000 00:00 0 
7fe7d0000000-7fe7d0021000 rw-p 00000000 00:00 0 
7fe7d0021000-7fe7d4000000 ---p 00000000 00:00 0 
7fe7d4133000-7fe7d4273000 rw-p 00000000 00:00 0 
7fe7d4273000-7fe7d4333000 ---p 00000000 00:00 0 
7fe7d4333000-7fe7d4533000 rw-p 00000000 00:00 0 
7fe7d4533000-7fe7d4536000 ---p 00000000 00:00 0 
7fe7d4536000-7fe7d4834000 rw-p 00000000 00:00 0 
7fe7d4834000-7fe7d4a34000 rw-p 00000000 00:00 0 
7fe7d4a34000-7fe7d4aae000 r--s 01104000 07:01 874                        /snap/android-studio/91/android-studio/jre/lib/tools.jar
7fe7d4ab0000-7fe7d4ab3000 ---p 00000000 00:00 0 
7fe7d4ab3000-7fe7d4bb1000 rw-p 00000000 00:00 0 
7fe7d4bb1000-7fe7d4bb4000 ---p 00000000 00:00 0 
7fe7d4bb4000-7fe7d4cb2000 rw-p 00000000 00:00 0 
7fe7d4cb2000-7fe7d4cb5000 ---p 00000000 00:00 0 
7fe7d4cb5000-7fe7d4db3000 rw-p 00000000 00:00 0 
7fe7d4db3000-7fe7d4db6000 ---p 00000000 00:00 0 
7fe7d4db6000-7fe7d50b4000 rw-p 00000000 00:00 0 
7fe7d50b4000-7fe7d50b7000 ---p 00000000 00:00 0 
7fe7d50b7000-7fe7d51b5000 rw-p 00000000 00:00 0 
7fe7d51b5000-7fe7d51b8000 ---p 00000000 00:00 0 
7fe7d51b8000-7fe7d52b6000 rw-p 00000000 00:00 0 
7fe7d52b6000-7fe7d52b9000 ---p 00000000 00:00 0 
7fe7d52b9000-7fe7d55b7000 rw-p 00000000 00:00 0 
7fe7d55b7000-7fe7d55ba000 ---p 00000000 00:00 0 
7fe7d55ba000-7fe7d56b8000 rw-p 00000000 00:00 0 
7fe7d56b8000-7fe7d56bb000 ---p 00000000 00:00 0 
7fe7d56bb000-7fe7d57b9000 rw-p 00000000 00:00 0 
7fe7d57b9000-7fe7d57bc000 ---p 00000000 00:00 0 
7fe7d57bc000-7fe7d5aba000 rw-p 00000000 00:00 0 
7fe7d5aba000-7fe7d5abd000 ---p 00000000 00:00 0 
7fe7d5abd000-7fe7d5bbb000 rw-p 00000000 00:00 0 
7fe7d5bbb000-7fe7d5bbe000 ---p 00000000 00:00 0 
7fe7d5bbe000-7fe7d5cbc000 rw-p 00000000 00:00 0 
7fe7d5cbc000-7fe7d5cbf000 ---p 00000000 00:00 0 
7fe7d5cbf000-7fe7d5dbd000 rw-p 00000000 00:00 0 
7fe7d5dbd000-7fe7d5dc0000 ---p 00000000 00:00 0 
7fe7d5dc0000-7fe7d5ebe000 rw-p 00000000 00:00 0 
7fe7d5ebe000-7fe7d5ec1000 ---p 00000000 00:00 0 
7fe7d5ec1000-7fe7d5fbf000 rw-p 00000000 00:00 0 
7fe7d5fbf000-7fe7d5fc6000 r--s 00000000 08:05 3936352                    /usr/lib/x86_64-linux-gnu/gconv/gconv-modules.cache
7fe7d5fc6000-7fe7d5fc9000 ---p 00000000 00:00 0 
7fe7d5fc9000-7fe7d60c7000 rw-p 00000000 00:00 0 
7fe7d60c7000-7fe7d60cc000 r--s 000a3000 07:01 833                        /snap/android-studio/91/android-studio/jre/jre/lib/jsse.jar
7fe7d60cc000-7fe7d62cc000 rw-p 00000000 00:00 0 
7fe7d62cc000-7fe7d62cf000 ---p 00000000 00:00 0 
7fe7d62cf000-7fe7d63cd000 rw-p 00000000 00:00 0 
7fe7d63cd000-7fe7d63d5000 r-xp 00000000 07:01 753                        /snap/android-studio/91/android-studio/jre/jre/lib/amd64/libmanagement.so
7fe7d63d5000-7fe7d63d6000 r--p 00007000 07:01 753                        /snap/android-studio/91/android-studio/jre/jre/lib/amd64/libmanagement.so
7fe7d63d6000-7fe7d63d7000 rw-p 00008000 07:01 753                        /snap/android-studio/91/android-studio/jre/jre/lib/amd64/libmanagement.so
7fe7d63d7000-7fe7d63d9000 r--s 00010000 08:05 2495068                    /home/prasad/.gradle/wrapper/dists/gradle-6.1.1-all/cfmwm155h49vnt3hynmlrsdst/gradle-6.1.1/lib/plugins/gradle-tooling-api-builders-6.1.1.jar
7fe7d63d9000-7fe7d63e8000 r--s 000fc000 08:05 2495071                    /home/prasad/.gradle/wrapper/dists/gradle-6.1.1-all/cfmwm155h49vnt3hynmlrsdst/gradle-6.1.1/lib/plugins/gradle-instant-execution-6.1.1.jar
7fe7d63e8000-7fe7d63e9000 r--s 00005000 08:05 2495089                    /home/prasad/.gradle/wrapper/dists/gradle-6.1.1-all/cfmwm155h49vnt3hynmlrsdst/gradle-6.1.1/lib/plugins/gradle-build-profile-6.1.1.jar
7fe7d63e9000-7fe7d63eb000 r--s 00003000 08:05 2495046                    /home/prasad/.gradle/wrapper/dists/gradle-6.1.1-all/cfmwm155h49vnt3hynmlrsdst/gradle-6.1.1/lib/plugins/gradle-tooling-native-6.1.1.jar
7fe7d63eb000-7fe7d63ef000 r--s 00017000 08:05 2495048                    /home/prasad/.gradle/wrapper/dists/gradle-6.1.1-all/cfmwm155h49vnt3hynmlrsdst/gradle-6.1.1/lib/plugins/gradle-testing-native-6.1.1.jar
7fe7d63ef000-7fe7d63f2000 r--s 00011000 08:05 2495162                    /home/prasad/.gradle/wrapper/dists/gradle-6.1.1-all/cfmwm155h49vnt3hynmlrsdst/gradle-6.1.1/lib/plugins/junit-platform-commons-1.3.1.jar
7fe7d63f2000-7fe7d63f3000 r--s 00001000 08:05 2495164                    /home/prasad/.gradle/wrapper/dists/gradle-6.1.1-all/cfmwm155h49vnt3hynmlrsdst/gradle-6.1.1/lib/plugins/opentest4j-1.1.1.jar
7fe7d63f3000-7fe7d63f7000 r--s 0001d000 08:05 2495161                    /home/prasad/.gradle/wrapper/dists/gradle-6.1.1-all/cfmwm155h49vnt3hynmlrsdst/gradle-6.1.1/lib/plugins/junit-platform-engine-1.3.1.jar
7fe7d63f7000-7fe7d63f8000 r--s 00000000 08:05 2495163                    /home/prasad/.gradle/wrapper/dists/gradle-6.1.1-all/cfmwm155h49vnt3hynmlrsdst/gradle-6.1.1/lib/plugins/apiguardian-api-1.0.0.jar
7fe7d63f8000-7fe7d63fb000 r--s 00015000 08:05 2495119                    /home/prasad/.gradle/wrapper/dists/gradle-6.1.1-all/cfmwm155h49vnt3hynmlrsdst/gradle-6.1.1/lib/plugins/junit-platform-launcher-1.3.1.jar
7fe7d63fb000-7fe7d63fc000 r--s 00003000 08:05 2495067                    /home/prasad/.gradle/wrapper/dists/gradle-6.1.1-all/cfmwm155h49vnt3hynmlrsdst/gradle-6.1.1/lib/plugins/gradle-testing-junit-platform-6.1.1.jar
7fe7d63fc000-7fe7d63ff000 r--s 0000f000 08:05 2495045                    /home/prasad/.gradle/wrapper/dists/gradle-6.1.1-all/cfmwm155h49vnt3hynmlrsdst/gradle-6.1.1/lib/plugins/gradle-signing-6.1.1.jar
7fe7d63ff000-7fe7d6401000 r--s 0000a000 08:05 2495055                    /home/prasad/.gradle/wrapper/dists/gradle-6.1.1-all/cfmwm155h49vnt3hynmlrsdst/gradle-6.1.1/lib/plugins/gradle-scala-6.1.1.jar
7fe7d6401000-7fe7d6402000 r--s 00004000 08:05 2495088                    /home/prasad/.gradle/wrapper/dists/gradle-6.1.1-all/cfmwm155h49vnt3hynmlrsdst/gradle-6.1.1/lib/plugins/gradle-resources-sftp-6.1.1.jar
7fe7d6402000-7fe7d640d000 r--s 00074000 08:05 2495121                    /home/prasad/.gradle/wrapper/dists/gradle-6.1.1-all/cfmwm155h49vnt3hynmlrsdst/gradle-6.1.1/lib/plugins/aws-java-sdk-kms-1.11.633.jar
7fe7d640d000-7fe7d640f000 r--s 00005000 08:05 2495129                    /home/prasad/.gradle/wrapper/dists/gradle-6.1.1-all/cfmwm155h49vnt3hynmlrsdst/gradle-6.1.1/lib/plugins/jmespath-java-1.11.633.jar
7fe7d640f000-7fe7d6426000 r--s 000e1000 08:05 2495120                    /home/prasad/.gradle/wrapper/dists/gradle-6.1.1-all/cfmwm155h49vnt3hynmlrsdst/gradle-6.1.1/lib/plugins/aws-java-sdk-s3-1.11.633.jar
7fe7d6426000-7fe7d6430000 r--s 00081000 08:05 2495160                    /home/prasad/.gradle/wrapper/dists/gradle-6.1.1-all/cfmwm155h49vnt3hynmlrsdst/gradle-6.1.1/lib/plugins/ion-java-1.0.2.jar
7fe7d6430000-7fe7d6447000 r--s 000d5000 08:05 2495122                    /home/prasad/.gradle/wrapper/dists/gradle-6.1.1-all/cfmwm155h49vnt3hynmlrsdst/gradle-6.1.1/lib/plugins/aws-java-sdk-core-1.11.633.jar
7fe7d6447000-7fe7d6449000 r--s 00004000 08:05 2495084                    /home/prasad/.gradle/wrapper/dists/gradle-6.1.1-all/cfmwm155h49vnt3hynmlrsdst/gradle-6.1.1/lib/plugins/gradle-resources-s3-6.1.1.jar
7fe7d6449000-7fe7d6459000 r--s 0008d000 08:05 2495133                    /home/prasad/.gradle/wrapper/dists/gradle-6.1.1-all/cfmwm155h49vnt3hynmlrsdst/gradle-6.1.1/lib/plugins/joda-time-2.10.4.jar
7fe7d6459000-7fe7d646c000 r--s 00137000 08:05 2495130                    /home/prasad/.gradle/wrapper/dists/gradle-6.1.1-all/cfmwm155h49vnt3hynmlrsdst/gradle-6.1.1/lib/plugins/jackson-databind-2.9.10.jar
7fe7d646c000-7fe7d646f000 r--s 0000e000 08:05 2495132                    /home/prasad/.gradle/wrapper/dists/gradle-6.1.1-all/cfmwm155h49vnt3hynmlrsdst/gradle-6.1.1/lib/plugins/jackson-annotations-2.9.10.jar
7fe7d646f000-7fe7d6473000 r--s 0004c000 08:05 2495131                    /home/prasad/.gradle/wrapper/dists/gradle-6.1.1-all/cfmwm155h49vnt3hynmlrsdst/gradle-6.1.1/lib/plugins/jackson-core-2.9.10.jar
7fe7d6473000-7fe7d6474000 r--s 00001000 08:05 2495112                    /home/prasad/.gradle/wrapper/dists/gradle-6.1.1-all/cfmwm155h49vnt3hynmlrsdst/gradle-6.1.1/lib/plugins/google-http-client-jackson2-1.25.0.jar
7fe7d6474000-7fe7d647e000 r--s 00056000 08:05 2495113                    /home/prasad/.gradle/wrapper/dists/gradle-6.1.1-all/cfmwm155h49vnt3hynmlrsdst/gradle-6.1.1/lib/plugins/google-http-client-1.25.0.jar
7fe7d647e000-7fe7d6481000 r--s 0000d000 08:05 2495111                    /home/prasad/.gradle/wrapper/dists/gradle-6.1.1-all/cfmwm155h49vnt3hynmlrsdst/gradle-6.1.1/lib/plugins/google-oauth-client-1.25.0.jar
7fe7d6481000-7fe7d6486000 r--s 0002d000 08:05 2495095                    /home/prasad/.gradle/wrapper/dists/gradle-6.1.1-all/cfmwm155h49vnt3hynmlrsdst/gradle-6.1.1/lib/plugins/google-api-client-1.25.0.jar
7fe7d6486000-7fe7d648a000 r--s 0001d000 08:05 2495094                    /home/prasad/.gradle/wrapper/dists/gradle-6.1.1-all/cfmwm155h49vnt3hynmlrsdst/gradle-6.1.1/lib/plugins/google-api-services-storage-v1-rev136-1.25.0.jar
7fe7d648a000-7fe7d648c000 r--s 00003000 08:05 2495085                    /home/prasad/.gradle/wrapper/dists/gradle-6.1.1-all/cfmwm155h49vnt3hynmlrsdst/gradle-6.1.1/lib/plugins/gradle-resources-gcs-6.1.1.jar
7fe7d648c000-7fe7d6492000 r--s 00031000 08:05 2495057                    /home/prasad/.gradle/wrapper/dists/gradle-6.1.1-all/cfmwm155h49vnt3hynmlrsdst/gradle-6.1.1/lib/plugins/gradle-platform-play-6.1.1.jar
7fe7d6492000-7fe7d64a4000 r--s 00078000 08:05 2495074                    /home/prasad/.gradle/wrapper/dists/gradle-6.1.1-all/cfmwm155h49vnt3hynmlrsdst/gradle-6.1.1/lib/plugins/gradle-platform-native-6.1.1.jar
7fe7d64a4000-7fe7d64a7000 r--s 0000d000 08:05 2495066                    /home/prasad/.gradle/wrapper/dists/gradle-6.1.1-all/cfmwm155h49vnt3hynmlrsdst/gradle-6.1.1/lib/plugins/gradle-language-scala-6.1.1.jar
7fe7d64a7000-7fe7d64b2000 r--s 00054000 08:05 2495049                    /home/prasad/.gradle/wrapper/dists/gradle-6.1.1-all/cfmwm155h49vnt3hynmlrsdst/gradle-6.1.1/lib/plugins/gradle-language-native-6.1.1.jar
7fe7d64b2000-7fe7d64b9000 r--s 00035000 08:05 2495108                    /home/prasad/.gradle/wrapper/dists/gradle-6.1.1-all/cfmwm155h49vnt3hynmlrsdst/gradle-6.1.1/lib/plugins/simple-4.1.21.jar
7fe7d64b9000-7fe7d64c6000 r--s 00125000 08:05 2495106                    /home/prasad/.gradle/wrapper/dists/gradle-6.1.1-all/cfmwm155h49vnt3hynmlrsdst/gradle-6.1.1/lib/plugins/rhino-1.7.10.jar
7fe7d64c6000-7fe7d64ca000 r--s 00012000 08:05 2495058                    /home/prasad/.gradle/wrapper/dists/gradle-6.1.1-all/cfmwm155h49vnt3hynmlrsdst/gradle-6.1.1/lib/plugins/gradle-javascript-6.1.1.jar
7fe7d64ca000-7fe7d64cd000 r--s 00011000 08:05 2495060                    /home/prasad/.gradle/wrapper/dists/gradle-6.1.1-all/cfmwm155h49vnt3hynmlrsdst/gradle-6.1.1/lib/plugins/gradle-jacoco-6.1.1.jar
7fe7d64cd000-7fe7d64cf000 r--s 00002000 08:05 2495053                    /home/prasad/.gradle/wrapper/dists/gradle-6.1.1-all/cfmwm155h49vnt3hynmlrsdst/gradle-6.1.1/lib/plugins/gradle-ide-play-6.1.1.jar
7fe7d64cf000-7fe7d64d1000 r--s 00011000 08:05 2495116                    /home/prasad/.gradle/wrapper/dists/gradle-6.1.1-all/cfmwm155h49vnt3hynmlrsdst/gradle-6.1.1/lib/plugins/dd-plist-1.21.jar
7fe7d64d1000-7fe7d64d8000 r--s 00035000 08:05 2495047                    /home/prasad/.gradle/wrapper/dists/gradle-6.1.1-all/cfmwm155h49vnt3hynmlrsdst/gradle-6.1.1/lib/plugins/gradle-ide-native-6.1.1.jar
7fe7d64d8000-7fe7d64e2000 r--s 00063000 08:05 2495054                    /home/prasad/.gradle/wrapper/dists/gradle-6.1.1-all/cfmwm155h49vnt3hynmlrsdst/gradle-6.1.1/lib/plugins/gradle-ide-6.1.1.jar
7fe7d64e2000-7fe7d64e4000 r--s 00007000 08:05 2495056                    /home/prasad/.gradle/wrapper/dists/gradle-6.1.1-all/cfmwm155h49vnt3hynmlrsdst/gradle-6.1.1/lib/plugins/gradle-ear-6.1.1.jar
7fe7d64e4000-7fe7d64e8000 r--s 0001b000 08:05 2495044                    /home/prasad/.gradle/wrapper/dists/gradle-6.1.1-all/cfmwm155h49vnt3hynmlrsdst/gradle-6.1.1/lib/plugins/gradle-code-quality-6.1.1.jar
7fe7d64e8000-7fe7d64ea000 r--s 0000b000 08:05 2495110                    /home/prasad/.gradle/wrapper/dists/gradle-6.1.1-all/cfmwm155h49vnt3hynmlrsdst/gradle-6.1.1/lib/plugins/maven-plugin-api-3.0.4.jar
7fe7d64ea000-7fe7d64f0000 r--s 0003f000 08:05 2495098                    /home/prasad/.gradle/wrapper/dists/gradle-6.1.1-all/cfmwm155h49vnt3hynmlrsdst/gradle-6.1.1/lib/plugins/maven-compat-3.0.4.jar
7fe7d64f0000-7fe7d64f8000 r--s 0003b000 08:05 2495061                    /home/prasad/.gradle/wrapper/dists/gradle-6.1.1-all/cfmwm155h49vnt3hynmlrsdst/gradle-6.1.1/lib/plugins/gradle-build-init-6.1.1.jar
7fe7d64f8000-7fe7d64f9000 r--s 00003000 08:05 2495086                    /home/prasad/.gradle/wrapper/dists/gradle-6.1.1-all/cfmwm155h49vnt3hynmlrsdst/gradle-6.1.1/lib/plugins/gradle-build-cache-http-6.1.1.jar
7fe7d64f9000-7fe7d64fb000 r--s 00009000 08:05 2495043                    /home/prasad/.gradle/wrapper/dists/gradle-6.1.1-all/cfmwm155h49vnt3hynmlrsdst/gradle-6.1.1/lib/plugins/gradle-antlr-6.1.1.jar
7fe7d64fb000-7fe7d64ff000 r--s 0001f000 08:05 2495062                    /home/prasad/.gradle/wrapper/dists/gradle-6.1.1-all/cfmwm155h49vnt3hynmlrsdst/gradle-6.1.1/lib/plugins/gradle-kotlin-dsl-tooling-builders-6.1.1.jar
7fe7d64ff000-7fe7d6503000 r--s 00014000 08:05 2495059                    /home/prasad/.gradle/wrapper/dists/gradle-6.1.1-all/cfmwm155h49vnt3hynmlrsdst/gradle-6.1.1/lib/plugins/gradle-ivy-6.1.1.jar
7fe7d6503000-7fe7d6505000 r--s 0000b000 08:05 2495078                    /home/prasad/.gradle/wrapper/dists/gradle-6.1.1-all/cfmwm155h49vnt3hynmlrsdst/gradle-6.1.1/lib/plugins/gradle-publish-6.1.1.jar
7fe7d6505000-7fe7d6508000 r--s 0000c000 08:05 2495101                    /home/prasad/.gradle/wrapper/dists/gradle-6.1.1-all/cfmwm155h49vnt3hynmlrsdst/gradle-6.1.1/lib/plugins/pmaven-groovy-0.8-20100325.jar
7fe7d6508000-7fe7d6509000 r--s 00004000 08:05 2495100                    /home/prasad/.gradle/wrapper/dists/gradle-6.1.1-all/cfmwm155h49vnt3hynmlrsdst/gradle-6.1.1/lib/plugins/pmaven-common-0.8-20100325.jar
7fe7d6509000-7fe7d650d000 r--s 00021000 08:05 2495159                    /home/prasad/.gradle/wrapper/dists/gradle-6.1.1-all/cfmwm155h49vnt3hynmlrsdst/gradle-6.1.1/lib/plugins/xbean-reflect-3.7.jar
7fe7d650d000-7fe7d6514000 r--s 00032000 08:05 2495103                    /home/prasad/.gradle/wrapper/dists/gradle-6.1.1-all/cfmwm155h49vnt3hynmlrsdst/gradle-6.1.1/lib/plugins/plexus-container-default-1.7.1.jar
7fe7d6514000-7fe7d6515000 r--s 00008000 08:05 2495093                    /home/prasad/.gradle/wrapper/dists/gradle-6.1.1-all/cfmwm155h49vnt3hynmlrsdst/gradle-6.1.1/lib/plugins/wagon-http-shared-3.0.0.jar
7fe7d6515000-7fe7d6516000 r--s 00002000 08:05 2495092                    /home/prasad/.gradle/wrapper/dists/gradle-6.1.1-all/cfmwm155h49vnt3hynmlrsdst/gradle-6.1.1/lib/plugins/wagon-http-3.0.0.jar
7fe7d6516000-7fe7d6517000 r--s 00002000 08:05 2495102                    /home/prasad/.gradle/wrapper/dists/gradle-6.1.1-all/cfmwm155h49vnt3hynmlrsdst/gradle-6.1.1/lib/plugins/wagon-file-3.0.0.jar
7fe7d6517000-7fe7d651a000 r--s 0000a000 08:05 2495154                    /home/prasad/.gradle/wrapper/dists/gradle-6.1.1-all/cfmwm155h49vnt3hynmlrsdst/gradle-6.1.1/lib/plugins/plexus-classworlds-2.5.1.jar
7fe7d651a000-7fe7d651c000 r--s 0000c000 08:05 2495157                    /home/prasad/.gradle/wrapper/dists/gradle-6.1.1-all/cfmwm155h49vnt3hynmlrsdst/gradle-6.1.1/lib/plugins/wagon-provider-api-3.0.0.jar
7fe7d651c000-7fe7d651e000 r--s 00006000 08:05 2495104                    /home/prasad/.gradle/wrapper/dists/gradle-6.1.1-all/cfmwm155h49vnt3hynmlrsdst/gradle-6.1.1/lib/plugins/aether-connector-wagon-1.13.1.jar
7fe7d651e000-7fe7d6525000 r--s 00032000 08:05 2495052                    /home/prasad/.gradle/wrapper/dists/gradle-6.1.1-all/cfmwm155h49vnt3hynmlrsdst/gradle-6.1.1/lib/plugins/gradle-maven-6.1.1.jar
7fe7d6525000-7fe7d6527000 r--s 0000d000 08:05 2495051                    /home/prasad/.gradle/wrapper/dists/gradle-6.1.1-all/cfmwm155h49vnt3hynmlrsdst/gradle-6.1.1/lib/plugins/gradle-plugin-development-6.1.1.jar
7fe7d6527000-7fe7d652d000 r--s 0003d000 08:05 2495115                    /home/prasad/.gradle/wrapper/dists/gradle-6.1.1-all/cfmwm155h49vnt3hynmlrsdst/gradle-6.1.1/lib/plugins/snakeyaml-1.17.jar
7fe7d652d000-7fe7d652f000 r--s 0000f000 08:05 2495144                    /home/prasad/.gradle/wrapper/dists/gradle-6.1.1-all/cfmwm155h49vnt3hynmlrsdst/gradle-6.1.1/lib/plugins/jcommander-1.72.jar
7fe7d652f000-7fe7d6538000 r--s 00089000 08:05 2495114                    /home/prasad/.gradle/wrapper/dists/gradle-6.1.1-all/cfmwm155h49vnt3hynmlrsdst/gradle-6.1.1/lib/plugins/testng-6.3.1.jar
7fe7d6538000-7fe7d653a000 r--s 00009000 08:05 2495142                    /home/prasad/.gradle/wrapper/dists/gradle-6.1.1-all/cfmwm155h49vnt3hynmlrsdst/gradle-6.1.1/lib/plugins/hamcrest-core-1.3.jar
7fe7d653a000-7fe7d6542000 r--s 00045000 08:05 2495117                    /home/prasad/.gradle/wrapper/dists/gradle-6.1.1-all/cfmwm155h49vnt3hynmlrsdst/gradle-6.1.1/lib/plugins/junit-4.12.jar
7fe7d6542000-7fe7d6547000 r--s 0005a000 08:05 2495118                    /home/prasad/.gradle/wrapper/dists/gradle-6.1.1-all/cfmwm155h49vnt3hynmlrsdst/gradle-6.1.1/lib/plugins/bsh-2.0b6.jar
7fe7d6547000-7fe7d654b000 r--s 0001c000 08:05 2495069                    /home/prasad/.gradle/wrapper/dists/gradle-6.1.1-all/cfmwm155h49vnt3hynmlrsdst/gradle-6.1.1/lib/plugins/gradle-testing-jvm-6.1.1.jar
7fe7d654b000-7fe7d6553000 r--s 00034000 08:05 2495076                    /home/prasad/.gradle/wrapper/dists/gradle-6.1.1-all/cfmwm155h49vnt3hynmlrsdst/gradle-6.1.1/lib/plugins/gradle-testing-base-6.1.1.jar
7fe7d6553000-7fe7d6555000 r--s 0000f000 08:05 2495065                    /home/prasad/.gradle/wrapper/dists/gradle-6.1.1-all/cfmwm155h49vnt3hynmlrsdst/gradle-6.1.1/lib/plugins/gradle-language-groovy-6.1.1.jar
7fe7d6555000-7fe7d655d000 r--s 00045000 08:05 2495070                    /home/prasad/.gradle/wrapper/dists/gradle-6.1.1-all/cfmwm155h49vnt3hynmlrsdst/gradle-6.1.1/lib/plugins/gradle-language-java-6.1.1.jar
7fe7d655d000-7fe7d655f000 r--s 00006000 08:05 2495072                    /home/prasad/.gradle/wrapper/dists/gradle-6.1.1-all/cfmwm155h49vnt3hynmlrsdst/gradle-6.1.1/lib/plugins/gradle-language-jvm-6.1.1.jar
7fe7d655f000-7fe7d6566000 r--s 00040000 08:05 2495075                    /home/prasad/.gradle/wrapper/dists/gradle-6.1.1-all/cfmwm155h49vnt3hynmlrsdst/gradle-6.1.1/lib/plugins/gradle-diagnostics-6.1.1.jar
7fe7d6566000-7fe7d656a000 r--s 0001b000 08:05 2495073                    /home/prasad/.gradle/wrapper/dists/gradle-6.1.1-all/cfmwm155h49vnt3hynmlrsdst/gradle-6.1.1/lib/plugins/gradle-platform-jvm-6.1.1.jar
7fe7d656a000-7fe7d6571000 r--s 00029000 08:05 2495079                    /home/prasad/.gradle/wrapper/dists/gradle-6.1.1-all/cfmwm155h49vnt3hynmlrsdst/gradle-6.1.1/lib/plugins/gradle-platform-base-6.1.1.jar
7fe7d6571000-7fe7d6573000 r--s 00006000 08:05 2495109                    /home/prasad/.gradle/wrapper/dists/gradle-6.1.1-all/cfmwm155h49vnt3hynmlrsdst/gradle-6.1.1/lib/plugins/jatl-0.2.3.jar
7fe7d6573000-7fe7d6575000 r--s 00010000 08:05 2495077                    /home/prasad/.gradle/wrapper/dists/gradle-6.1.1-all/cfmwm155h49vnt3hynmlrsdst/gradle-6.1.1/lib/plugins/gradle-reporting-6.1.1.jar
7fe7d6575000-7fe7d657c000 r--s 00042000 08:05 2495063                    /home/prasad/.gradle/wrapper/dists/gradle-6.1.1-all/cfmwm155h49vnt3hynmlrsdst/gradle-6.1.1/lib/plugins/gradle-plugins-6.1.1.jar
7fe7d657c000-7fe7d6581000 r--s 0002c000 08:05 2495050                    /home/prasad/.gradle/wrapper/dists/gradle-6.1.1-all/cfmwm155h49vnt3hynmlrsdst/gradle-6.1.1/lib/plugins/gradle-kotlin-dsl-provider-plugins-6.1.1.jar
7fe7d6581000-7fe7d6582000 r--s 00000000 08:05 2494949                    /home/prasad/.gradle/wrapper/dists/gradle-6.1.1-all/cfmwm155h49vnt3hynmlrsdst/gradle-6.1.1/lib/gradle-runtime-api-info-6.1.1.jar
7fe7d6582000-7fe7d6583000 r--s 00000000 08:05 2494954                    /home/prasad/.gradle/wrapper/dists/gradle-6.1.1-all/cfmwm155h49vnt3hynmlrsdst/gradle-6.1.1/lib/gradle-installation-beacon-6.1.1.jar
7fe7d6583000-7fe7d6585000 r--s 00006000 08:05 2495149                    /home/prasad/.gradle/wrapper/dists/gradle-6.1.1-all/cfmwm155h49vnt3hynmlrsdst/gradle-6.1.1/lib/plugins/maven-repository-metadata-3.0.4.jar
7fe7d6585000-7fe7d6587000 r--s 0000c000 08:05 2495137                    /home/prasad/.gradle/wrapper/dists/gradle-6.1.1-all/cfmwm155h49vnt3hynmlrsdst/gradle-6.1.1/lib/plugins/maven-aether-provider-3.0.4.jar
7fe7d6587000-7fe7d6588000 r--s 00003000 08:05 2495140                    /home/prasad/.gradle/wrapper/dists/gradle-6.1.1-all/cfmwm155h49vnt3hynmlrsdst/gradle-6.1.1/lib/plugins/aether-spi-1.13.1.jar
7fe7d6588000-7fe7d658b000 r--s 0001d000 08:05 2495138                    /home/prasad/.gradle/wrapper/dists/gradle-6.1.1-all/cfmwm155h49vnt3hynmlrsdst/gradle-6.1.1/lib/plugins/aether-impl-1.13.1.jar
7fe7d658b000-7fe7d658f000 r--s 0001c000 08:05 2495139                    /home/prasad/.gradle/wrapper/dists/gradle-6.1.1-all/cfmwm155h49vnt3hynmlrsdst/gradle-6.1.1/lib/plugins/aether-util-1.13.1.jar
7fe7d658f000-7fe7d6592000 r--s 00013000 08:05 2495141                    /home/prasad/.gradle/wrapper/dists/gradle-6.1.1-all/cfmwm155h49vnt3hynmlrsdst/gradle-6.1.1/lib/plugins/aether-api-1.13.1.jar
7fe7d6592000-7fe7d6594000 r--s 0000b000 08:05 2495146                    /home/prasad/.gradle/wrapper/dists/gradle-6.1.1-all/cfmwm155h49vnt3hynmlrsdst/gradle-6.1.1/lib/plugins/maven-artifact-3.0.4.jar
7fe7d6594000-7fe7d6598000 r--s 00021000 08:05 2495147                    /home/prasad/.gradle/wrapper/dists/gradle-6.1.1-all/cfmwm155h49vnt3hynmlrsdst/gradle-6.1.1/lib/plugins/maven-model-builder-3.0.4.jar
7fe7d6598000-7fe7d659a000 r--s 00026000 08:05 2495148                    /home/prasad/.gradle/wrapper/dists/gradle-6.1.1-all/cfmwm155h49vnt3hynmlrsdst/gradle-6.1.1/lib/plugins/maven-model-3.0.4.jar
7fe7d659a000-7fe7d659c000 r--s 0000a000 08:05 2495151                    /home/prasad/.gradle/wrapper/dists/gradle-6.1.1-all/cfmwm155h49vnt3hynmlrsdst/gradle-6.1.1/lib/plugins/maven-settings-3.0.4.jar
7fe7d659c000-7fe7d659e000 r--s 00002000 08:05 2495153                    /home/prasad/.gradle/wrapper/dists/gradle-6.1.1-all/cfmwm155h49vnt3hynmlrsdst/gradle-6.1.1/lib/plugins/plexus-cipher-1.7.jar
7fe7d659e000-7fe7d659f000 r--s 00006000 08:05 2495152                    /home/prasad/.gradle/wrapper/dists/gradle-6.1.1-all/cfmwm155h49vnt3hynmlrsdst/gradle-6.1.1/lib/plugins/plexus-sec-dispatcher-1.3.jar
7fe7d659f000-7fe7d65a1000 r--s 00000000 08:05 2495155                    /home/prasad/.gradle/wrapper/dists/gradle-6.1.1-all/cfmwm155h49vnt3hynmlrsdst/gradle-6.1.1/lib/plugins/plexus-component-annotations-1.5.5.jar
7fe7d65a1000-7fe7d65a3000 r--s 0000d000 08:05 2495156                    /home/prasad/.gradle/wrapper/dists/gradle-6.1.1-all/cfmwm155h49vnt3hynmlrsdst/gradle-6.1.1/lib/plugins/plexus-interpolation-1.14.jar
7fe7d65a3000-7fe7d65a7000 r--s 0003c000 08:05 2495158                    /home/prasad/.gradle/wrapper/dists/gradle-6.1.1-all/cfmwm155h49vnt3hynmlrsdst/gradle-6.1.1/lib/plugins/plexus-utils-3.1.0.jar
7fe7d65a7000-7fe7d65aa000 r--s 00008000 08:05 2495150                    /home/prasad/.gradle/wrapper/dists/gradle-6.1.1-all/cfmwm155h49vnt3hynmlrsdst/gradle-6.1.1/lib/plugins/maven-settings-builder-3.0.4.jar
7fe7d65aa000-7fe7d65b6000 r--s 0007d000 08:05 2495099                    /home/prasad/.gradle/wrapper/dists/gradle-6.1.1-all/cfmwm155h49vnt3hynmlrsdst/gradle-6.1.1/lib/plugins/maven-core-3.0.4.jar
7fe7d65b6000-7fe7d65cb000 r--s 00116000 08:05 2495097                    /home/prasad/.gradle/wrapper/dists/gradle-6.1.1-all/cfmwm155h49vnt3hynmlrsdst/gradle-6.1.1/lib/plugins/ivy-2.3.0.jar
7fe7d65cb000-7fe7d65d0000 r--s 00036000 08:05 2495107                    /home/prasad/.gradle/wrapper/dists/gradle-6.1.1-all/cfmwm155h49vnt3hynmlrsdst/gradle-6.1.1/lib/plugins/gson-2.8.5.jar
7fe7d65d0000-7fe7d65d1000 r--s 00013000 08:05 2495096                    /home/prasad/.gradle/wrapper/dists/gradle-6.1.1-all/cfmwm155h49vnt3hynmlrsdst/gradle-6.1.1/lib/plugins/asm-util-7.1.jar
7fe7d65d1000-7fe7d6609000 r--s 001f6000 08:05 2495081                    /home/prasad/.gradle/wrapper/dists/gradle-6.1.1-all/cfmwm155h49vnt3hynmlrsdst/gradle-6.1.1/lib/plugins/gradle-dependency-management-6.1.1.jar
7fe7d6609000-7fe7d6622000 r--s 0013a000 08:05 2495126                    /home/prasad/.gradle/wrapper/dists/gradle-6.1.1-all/cfmwm155h49vnt3hynmlrsdst/gradle-6.1.1/lib/plugins/xercesImpl-2.12.0.jar
7fe7d6622000-7fe7d6624000 r--s 0001d000 08:05 2495125                    /home/prasad/.gradle/wrapper/dists/gradle-6.1.1-all/cfmwm155h49vnt3hynmlrsdst/gradle-6.1.1/lib/plugins/nekohtml-1.9.22.jar
7fe7d6624000-7fe7d662a000 r--s 0005b000 08:05 2495124                    /home/prasad/.gradle/wrapper/dists/gradle-6.1.1-all/cfmwm155h49vnt3hynmlrsdst/gradle-6.1.1/lib/plugins/jcifs-1.3.17.jar
7fe7d662a000-7fe7d662d000 r--s 0000e000 08:05 2495087                    /home/prasad/.gradle/wrapper/dists/gradle-6.1.1-all/cfmwm155h49vnt3hynmlrsdst/gradle-6.1.1/lib/plugins/gradle-resources-http-6.1.1.jar
7fe7d662d000-7fe7d6631000 r--s 00041000 08:05 2495127                    /home/prasad/.gradle/wrapper/dists/gradle-6.1.1-all/cfmwm155h49vnt3hynmlrsdst/gradle-6.1.1/lib/plugins/jsch-0.1.55.jar
7fe7d6631000-7fe7d6645000 r--s 000c0000 08:05 2495134                    /home/prasad/.gradle/wrapper/dists/gradle-6.1.1-all/cfmwm155h49vnt3hynmlrsdst/gradle-6.1.1/lib/plugins/bcpkix-jdk15on-1.61.jar
7fe7d6645000-7fe7d664d000 r--s 00048000 08:05 2495105                    /home/prasad/.gradle/wrapper/dists/gradle-6.1.1-all/cfmwm155h49vnt3hynmlrsdst/gradle-6.1.1/lib/plugins/bcpg-jdk15on-1.63.jar
7fe7d664d000-7fe7d66ae000 r--s 0042a000 08:05 2495135                    /home/prasad/.gradle/wrapper/dists/gradle-6.1.1-all/cfmwm155h49vnt3hynmlrsdst/gradle-6.1.1/lib/plugins/bcprov-jdk15on-1.63.jar
7fe7d66ae000-7fe7d66d3000 r--s 00281000 08:05 2495091                    /home/prasad/.gradle/wrapper/dists/gradle-6.1.1-all/cfmwm155h49vnt3hynmlrsdst/gradle-6.1.1/lib/plugins/org.eclipse.jgit-5.5.0.201909110433-r.jar
7fe7d66d3000-7fe7d66da000 r--s 0004e000 08:05 2495136                    /home/prasad/.gradle/wrapper/dists/gradle-6.1.1-all/cfmwm155h49vnt3hynmlrsdst/gradle-6.1.1/lib/plugins/commons-codec-1.13.jar
7fe7d66da000-7fe7d66e2000 r--s 00049000 08:05 2495143                    /home/prasad/.gradle/wrapper/dists/gradle-6.1.1-all/cfmwm155h49vnt3hynmlrsdst/gradle-6.1.1/lib/plugins/httpcore-4.4.12.jar
7fe7d66e2000-7fe7d66ef000 r--s 000b1000 08:05 2495123                    /home/prasad/.gradle/wrapper/dists/gradle-6.1.1-all/cfmwm155h49vnt3hynmlrsdst/gradle-6.1.1/lib/plugins/httpclient-4.5.10.jar
7fe7d66ef000-7fe7d66f2000 r--p 00000000 08:05 3284405                    /usr/lib/x86_64-linux-gnu/libgcc_s.so.1
7fe7d66f2000-7fe7d6704000 r-xp 00003000 08:05 3284405                    /usr/lib/x86_64-linux-gnu/libgcc_s.so.1
7fe7d6704000-7fe7d6708000 r--p 00015000 08:05 3284405                    /usr/lib/x86_64-linux-gnu/libgcc_s.so.1
7fe7d6708000-7fe7d6709000 r--p 00018000 08:05 3284405                    /usr/lib/x86_64-linux-gnu/libgcc_s.so.1
7fe7d6709000-7fe7d670a000 rw-p 00019000 08:05 3284405                    /usr/lib/x86_64-linux-gnu/libgcc_s.so.1
7fe7d670a000-7fe7d67a0000 r--p 00000000 08:05 3285186                    /usr/lib/x86_64-linux-gnu/libstdc++.so.6.0.28
7fe7d67a0000-7fe7d6890000 r-xp 00096000 08:05 3285186                    /usr/lib/x86_64-linux-gnu/libstdc++.so.6.0.28
7fe7d6890000-7fe7d68d9000 r--p 00186000 08:05 3285186                    /usr/lib/x86_64-linux-gnu/libstdc++.so.6.0.28
7fe7d68d9000-7fe7d68da000 ---p 001cf000 08:05 3285186                    /usr/lib/x86_64-linux-gnu/libstdc++.so.6.0.28
7fe7d68da000-7fe7d68e5000 r--p 001cf000 08:05 3285186                    /usr/lib/x86_64-linux-gnu/libstdc++.so.6.0.28
7fe7d68e5000-7fe7d68e8000 rw-p 001da000 08:05 3285186                    /usr/lib/x86_64-linux-gnu/libstdc++.so.6.0.28
7fe7d68e8000-7fe7d68eb000 rw-p 00000000 00:00 0 
7fe7d68eb000-7fe7d68ee000 r--s 0000c000 08:05 2495083                    /home/prasad/.gradle/wrapper/dists/gradle-6.1.1-all/cfmwm155h49vnt3hynmlrsdst/gradle-6.1.1/lib/plugins/gradle-plugin-use-6.1.1.jar
7fe7d68ee000-7fe7d68f0000 r--s 00010000 08:05 2495145                    /home/prasad/.gradle/wrapper/dists/gradle-6.1.1-all/cfmwm155h49vnt3hynmlrsdst/gradle-6.1.1/lib/plugins/jzlib-1.1.3.jar
7fe7d68f0000-7fe7d68f3000 r--s 0000c000 08:05 2495080                    /home/prasad/.gradle/wrapper/dists/gradle-6.1.1-all/cfmwm155h49vnt3hynmlrsdst/gradle-6.1.1/lib/plugins/gradle-version-control-6.1.1.jar
7fe7d68f3000-7fe7d68f6000 r--s 0000d000 08:05 2495082                    /home/prasad/.gradle/wrapper/dists/gradle-6.1.1-all/cfmwm155h49vnt3hynmlrsdst/gradle-6.1.1/lib/plugins/gradle-composite-builds-6.1.1.jar
7fe7d68f6000-7fe7d68fb000 r--s 0001d000 08:05 2495090                    /home/prasad/.gradle/wrapper/dists/gradle-6.1.1-all/cfmwm155h49vnt3hynmlrsdst/gradle-6.1.1/lib/plugins/gradle-workers-6.1.1.jar
7fe7d68fb000-7fe7d6901000 r-xp 00000000 08:05 3674068                    /home/prasad/.gradle/native/31/linux-amd64/libnative-platform.so
7fe7d6901000-7fe7d6b00000 ---p 00006000 08:05 3674068                    /home/prasad/.gradle/native/31/linux-amd64/libnative-platform.so
7fe7d6b00000-7fe7d6b01000 rw-p 00005000 08:05 3674068                    /home/prasad/.gradle/native/31/linux-amd64/libnative-platform.so
7fe7d6b01000-7fe7d6b04000 r--s 00008000 08:05 2494951                    /home/prasad/.gradle/wrapper/dists/gradle-6.1.1-all/cfmwm155h49vnt3hynmlrsdst/gradle-6.1.1/lib/gradle-build-events-6.1.1.jar
7fe7d6b04000-7fe7d6b0f000 r--s 00081000 08:05 2495012                    /home/prasad/.gradle/wrapper/dists/gradle-6.1.1-all/cfmwm155h49vnt3hynmlrsdst/gradle-6.1.1/lib/trove4j-1.0.20181211.jar
7fe7d6b0f000-7fe7d6b26000 r--s 00109000 08:05 2495021                    /home/prasad/.gradle/wrapper/dists/gradle-6.1.1-all/cfmwm155h49vnt3hynmlrsdst/gradle-6.1.1/lib/kotlin-daemon-embeddable-1.3.61.jar
7fe7d6b26000-7fe7d6b28000 r--s 00009000 08:05 2495020                    /home/prasad/.gradle/wrapper/dists/gradle-6.1.1-all/cfmwm155h49vnt3hynmlrsdst/gradle-6.1.1/lib/kotlin-script-runtime-1.3.61.jar
7fe7d6b28000-7fe7d6b62000 r--s 00283000 08:05 2495014                    /home/prasad/.gradle/wrapper/dists/gradle-6.1.1-all/cfmwm155h49vnt3hynmlrsdst/gradle-6.1.1/lib/kotlin-reflect-1.3.61.jar
7fe7d6b62000-7fe7d6daa000 r--s 022ac000 08:05 2494979                    /home/prasad/.gradle/wrapper/dists/gradle-6.1.1-all/cfmwm155h49vnt3hynmlrsdst/gradle-6.1.1/lib/kotlin-compiler-embeddable-1.3.61-patched-for-gradle-6.1.1.jar
7fe7d6daa000-7fe7d6dab000 r--s 00000000 08:05 2494978                    /home/prasad/.gradle/wrapper/dists/gradle-6.1.1-all/cfmwm155h49vnt3hynmlrsdst/gradle-6.1.1/lib/gradle-kotlin-dsl-tooling-models-6.1.1.jar
7fe7d6dab000-7fe7d6dac000 r--s 00007000 08:05 2494953                    /home/prasad/.gradle/wrapper/dists/gradle-6.1.1-all/cfmwm155h49vnt3hynmlrsdst/gradle-6.1.1/lib/gradle-wrapper-6.1.1.jar
7fe7d6dac000-7fe7d6dbc000 r--s 0004f000 08:05 2494952                    /home/prasad/.gradle/wrapper/dists/gradle-6.1.1-all/cfmwm155h49vnt3hynmlrsdst/gradle-6.1.1/lib/gradle-tooling-api-6.1.1.jar
7fe7d6dbc000-7fe7d6dcc000 r--s 0026b000 08:05 2495004                    /home/prasad/.gradle/wrapper/dists/gradle-6.1.1-all/cfmwm155h49vnt3hynmlrsdst/gradle-6.1.1/lib/kotlinx-metadata-jvm-0.1.0.jar
7fe7d6dcc000-7fe7d6dcd000 r--s 00002000 08:05 2495003                    /home/prasad/.gradle/wrapper/dists/gradle-6.1.1-all/cfmwm155h49vnt3hynmlrsdst/gradle-6.1.1/lib/kotlin-sam-with-receiver-compiler-plugin-1.3.61.jar
7fe7d6dcd000-7fe7d6dd4000 r--s 00042000 08:05 2495002                    /home/prasad/.gradle/wrapper/dists/gradle-6.1.1-all/cfmwm155h49vnt3hynmlrsdst/gradle-6.1.1/lib/kotlin-scripting-compiler-impl-embeddable-1.3.61.jar
7fe7d6dd4000-7fe7d6ddb000 r--s 00040000 08:05 2495001                    /home/prasad/.gradle/wrapper/dists/gradle-6.1.1-all/cfmwm155h49vnt3hynmlrsdst/gradle-6.1.1/lib/kotlin-scripting-compiler-embeddable-1.3.61.jar
7fe7d6ddb000-7fe7d6dde000 r--s 00019000 08:05 2495000                    /home/prasad/.gradle/wrapper/dists/gradle-6.1.1-all/cfmwm155h49vnt3hynmlrsdst/gradle-6.1.1/lib/kotlin-scripting-jvm-host-embeddable-1.3.61.jar
7fe7d6dde000-7fe7d6de1000 r--s 00027000 08:05 2494999                    /home/prasad/.gradle/wrapper/dists/gradle-6.1.1-all/cfmwm155h49vnt3hynmlrsdst/gradle-6.1.1/lib/kotlin-scripting-jvm-1.3.61.jar
7fe7d6de1000-7fe7d6de6000 r--s 00026000 08:05 2494998                    /home/prasad/.gradle/wrapper/dists/gradle-6.1.1-all/cfmwm155h49vnt3hynmlrsdst/gradle-6.1.1/lib/kotlin-scripting-common-1.3.61.jar
7fe7d6de6000-7fe7d6de7000 r--s 00000000 08:05 2495015                    /home/prasad/.gradle/wrapper/dists/gradle-6.1.1-all/cfmwm155h49vnt3hynmlrsdst/gradle-6.1.1/lib/kotlin-stdlib-jdk7-1.3.61.jar
7fe7d6de7000-7fe7d6de8000 r--s 00003000 08:05 2494996                    /home/prasad/.gradle/wrapper/dists/gradle-6.1.1-all/cfmwm155h49vnt3hynmlrsdst/gradle-6.1.1/lib/kotlin-stdlib-jdk8-1.3.61.jar
7fe7d6de8000-7fe7d6e05000 r--s 00176000 08:05 2494950                    /home/prasad/.gradle/wrapper/dists/gradle-6.1.1-all/cfmwm155h49vnt3hynmlrsdst/gradle-6.1.1/lib/gradle-kotlin-dsl-6.1.1.jar
7fe7d6e05000-7fe7d6e07000 r--s 00005000 08:05 2494965                    /home/prasad/.gradle/wrapper/dists/gradle-6.1.1-all/cfmwm155h49vnt3hynmlrsdst/gradle-6.1.1/lib/gradle-worker-processes-6.1.1.jar
7fe7d6e07000-7fe7d6e0d000 r--s 0002d000 08:05 2494959                    /home/prasad/.gradle/wrapper/dists/gradle-6.1.1-all/cfmwm155h49vnt3hynmlrsdst/gradle-6.1.1/lib/gradle-execution-6.1.1.jar
7fe7d6e0d000-7fe7d6e0f000 r--s 00007000 08:05 2494958                    /home/prasad/.gradle/wrapper/dists/gradle-6.1.1-all/cfmwm155h49vnt3hynmlrsdst/gradle-6.1.1/lib/gradle-model-groovy-6.1.1.jar
7fe7d6e0f000-7fe7d6e11000 r--s 00000000 08:05 2494967                    /home/prasad/.gradle/wrapper/dists/gradle-6.1.1-all/cfmwm155h49vnt3hynmlrsdst/gradle-6.1.1/lib/gradle-jvm-services-6.1.1.jar
7fe7d6e11000-7fe7d6e13000 r--s 00006000 08:05 2494961                    /home/prasad/.gradle/wrapper/dists/gradle-6.1.1-all/cfmwm155h49vnt3hynmlrsdst/gradle-6.1.1/lib/gradle-build-cache-packaging-6.1.1.jar
7fe7d6e13000-7fe7d6e17000 r--s 0000e000 08:05 2494962                    /home/prasad/.gradle/wrapper/dists/gradle-6.1.1-all/cfmwm155h49vnt3hynmlrsdst/gradle-6.1.1/lib/gradle-build-cache-6.1.1.jar
7fe7d6e17000-7fe7d6e18000 r--s 00005000 08:05 2494982                    /home/prasad/.gradle/wrapper/dists/gradle-6.1.1-all/cfmwm155h49vnt3hynmlrsdst/gradle-6.1.1/lib/gradle-docs-6.1.1.jar
7fe7d6e18000-7fe7d6e21000 r--s 0002d000 08:05 2495013                    /home/prasad/.gradle/wrapper/dists/gradle-6.1.1-all/cfmwm155h49vnt3hynmlrsdst/gradle-6.1.1/lib/xml-apis-1.4.01.jar
7fe7d6e21000-7fe7d6e2d000 r--s 0008b000 08:05 2495005                    /home/prasad/.gradle/wrapper/dists/gradle-6.1.1-all/cfmwm155h49vnt3hynmlrsdst/gradle-6.1.1/lib/commons-compress-1.19.jar
7fe7d6e2d000-7fe7d6e2f000 r--s 00007000 08:05 2494992                    /home/prasad/.gradle/wrapper/dists/gradle-6.1.1-all/cfmwm155h49vnt3hynmlrsdst/gradle-6.1.1/lib/asm-analysis-7.1.jar
7fe7d6e2f000-7fe7d6e31000 r--s 0000b000 08:05 2494993                    /home/prasad/.gradle/wrapper/dists/gradle-6.1.1-all/cfmwm155h49vnt3hynmlrsdst/gradle-6.1.1/lib/asm-tree-7.1.jar
7fe7d6e31000-7fe7d6e33000 r--s 00010000 08:05 2494991                    /home/prasad/.gradle/wrapper/dists/gradle-6.1.1-all/cfmwm155h49vnt3hynmlrsdst/gradle-6.1.1/lib/asm-commons-7.1.jar
7fe7d6e33000-7fe7d6e38000 r--s 0001a000 08:05 2494976                    /home/prasad/.gradle/wrapper/dists/gradle-6.1.1-all/cfmwm155h49vnt3hynmlrsdst/gradle-6.1.1/lib/gradle-snapshots-6.1.1.jar
7fe7d6e38000-7fe7d6e3a000 r--s 00003000 08:05 2495017                    /home/prasad/.gradle/wrapper/dists/gradle-6.1.1-all/cfmwm155h49vnt3hynmlrsdst/gradle-6.1.1/lib/annotations-13.0.jar
7fe7d6e3a000-7fe7d6e42000 r--s 00022000 08:05 2495023                    /home/prasad/.gradle/wrapper/dists/gradle-6.1.1-all/cfmwm155h49vnt3hynmlrsdst/gradle-6.1.1/lib/kotlin-stdlib-common-1.3.61.jar
7fe7d6e42000-7fe7d6e56000 r--s 00131000 08:05 2495016                    /home/prasad/.gradle/wrapper/dists/gradle-6.1.1-all/cfmwm155h49vnt3hynmlrsdst/gradle-6.1.1/lib/kotlin-stdlib-1.3.61.jar
7fe7d6e56000-7fe7d6e6f000 r--s 000de000 08:05 2494960                    /home/prasad/.gradle/wrapper/dists/gradle-6.1.1-all/cfmwm155h49vnt3hynmlrsdst/gradle-6.1.1/lib/gradle-model-core-6.1.1.jar
7fe7d6e6f000-7fe7d6e74000 r--s 00016000 08:05 2494969                    /home/prasad/.gradle/wrapper/dists/gradle-6.1.1-all/cfmwm155h49vnt3hynmlrsdst/gradle-6.1.1/lib/gradle-resources-6.1.1.jar
7fe7d6e74000-7fe7d6e7b000 r--s 00036000 08:05 2494964                    /home/prasad/.gradle/wrapper/dists/gradle-6.1.1-all/cfmwm155h49vnt3hynmlrsdst/gradle-6.1.1/lib/gradle-persistent-cache-6.1.1.jar
7fe7d6e7b000-7fe7d6e7d000 r--s 00006000 08:05 2494972                    /home/prasad/.gradle/wrapper/dists/gradle-6.1.1-all/cfmwm155h49vnt3hynmlrsdst/gradle-6.1.1/lib/gradle-base-services-groovy-6.1.1.jar
7fe7d6e7d000-7fe7d6e7e000 r--s 00000000 08:05 2494997                    /home/prasad/.gradle/wrapper/dists/gradle-6.1.1-all/cfmwm155h49vnt3hynmlrsdst/gradle-6.1.1/lib/javax.inject-1.jar
7fe7d6e7e000-7fe7d6e83000 r--s 00021000 08:05 2494957                    /home/prasad/.gradle/wrapper/dists/gradle-6.1.1-all/cfmwm155h49vnt3hynmlrsdst/gradle-6.1.1/lib/gradle-file-collections-6.1.1.jar
7fe7d6e83000-7fe7d6e85000 r--s 00006000 08:05 2494968                    /home/prasad/.gradle/wrapper/dists/gradle-6.1.1-all/cfmwm155h49vnt3hynmlrsdst/gradle-6.1.1/lib/gradle-process-services-6.1.1.jar
7fe7d6e85000-7fe7d6e87000 r--s 00004000 08:05 2494985                    /home/prasad/.gradle/wrapper/dists/gradle-6.1.1-all/cfmwm155h49vnt3hynmlrsdst/gradle-6.1.1/lib/log4j-over-slf4j-1.7.28.jar
7fe7d6e87000-7fe7d6e89000 r--s 00000000 08:05 2494984                    /home/prasad/.gradle/wrapper/dists/gradle-6.1.1-all/cfmwm155h49vnt3hynmlrsdst/gradle-6.1.1/lib/jul-to-slf4j-1.7.28.jar
7fe7d6e89000-7fe7d6e8b000 r--s 00003000 08:05 2494986                    /home/prasad/.gradle/wrapper/dists/gradle-6.1.1-all/cfmwm155h49vnt3hynmlrsdst/gradle-6.1.1/lib/jcl-over-slf4j-1.7.28.jar
7fe7d6e8b000-7fe7d6e93000 r--s 00038000 08:05 2494966                    /home/prasad/.gradle/wrapper/dists/gradle-6.1.1-all/cfmwm155h49vnt3hynmlrsdst/gradle-6.1.1/lib/gradle-logging-6.1.1.jar
7fe7d6e93000-7fe7d6e95000 r--s 00006000 08:05 2494977                    /home/prasad/.gradle/wrapper/dists/gradle-6.1.1-all/cfmwm155h49vnt3hynmlrsdst/gradle-6.1.1/lib/gradle-files-6.1.1.jar
7fe7d6e95000-7fe7d6e96000 r--s 00004000 08:05 2495024                    /home/prasad/.gradle/wrapper/dists/gradle-6.1.1-all/cfmwm155h49vnt3hynmlrsdst/gradle-6.1.1/lib/native-platform-freebsd-amd64-libcpp-0.19.jar
7fe7d6e96000-7fe7d6e97000 r--s 00004000 08:05 2495025                    /home/prasad/.gradle/wrapper/dists/gradle-6.1.1-all/cfmwm155h49vnt3hynmlrsdst/gradle-6.1.1/lib/native-platform-freebsd-amd64-libstdcpp-0.19.jar
7fe7d6e97000-7fe7d6e99000 r--s 00004000 08:05 2495026                    /home/prasad/.gradle/wrapper/dists/gradle-6.1.1-all/cfmwm155h49vnt3hynmlrsdst/gradle-6.1.1/lib/native-platform-freebsd-i386-libcpp-0.19.jar
7fe7d6e99000-7fe7d6e9a000 r--s 00004000 08:05 2495027                    /home/prasad/.gradle/wrapper/dists/gradle-6.1.1-all/cfmwm155h49vnt3hynmlrsdst/gradle-6.1.1/lib/native-platform-freebsd-i386-libstdcpp-0.19.jar
7fe7d6e9a000-7fe7d6e9b000 r--s 00002000 08:05 2495028                    /home/prasad/.gradle/wrapper/dists/gradle-6.1.1-all/cfmwm155h49vnt3hynmlrsdst/gradle-6.1.1/lib/native-platform-linux-aarch64-0.19.jar
7fe7d6e9b000-7fe7d6e9c000 r--s 00002000 08:05 2495029                    /home/prasad/.gradle/wrapper/dists/gradle-6.1.1-all/cfmwm155h49vnt3hynmlrsdst/gradle-6.1.1/lib/native-platform-linux-amd64-0.19.jar
7fe7d6e9c000-7fe7d6e9d000 r--s 00002000 08:05 2495030                    /home/prasad/.gradle/wrapper/dists/gradle-6.1.1-all/cfmwm155h49vnt3hynmlrsdst/gradle-6.1.1/lib/native-platform-linux-i386-0.19.jar
7fe7d6e9d000-7fe7d6e9e000 r--s 00003000 08:05 2495031                    /home/prasad/.gradle/wrapper/dists/gradle-6.1.1-all/cfmwm155h49vnt3hynmlrsdst/gradle-6.1.1/lib/native-platform-osx-amd64-0.19.jar
7fe7d6e9e000-7fe7d6e9f000 r--s 00011000 08:05 2495032                    /home/prasad/.gradle/wrapper/dists/gradle-6.1.1-all/cfmwm155h49vnt3hynmlrsdst/gradle-6.1.1/lib/native-platform-windows-amd64-0.19.jar
7fe7d6e9f000-7fe7d6f1f000 r--s 00778000 08:05 2494983                    /home/prasad/.gradle/wrapper/dists/gradle-6.1.1-all/cfmwm155h49vnt3hynmlrsdst/gradle-6.1.1/lib/groovy-all-1.3-2.5.8.jar
7fe7d6f1f000-7fe7d6f20000 ---p 00000000 00:00 0 
7fe7d6f20000-7fe7d7020000 rw-p 00000000 00:00 0 
7fe7d7020000-7fe7d7023000 ---p 00000000 00:00 0 
7fe7d7023000-7fe7d7121000 rw-p 00000000 00:00 0 
7fe7d7121000-7fe7d7122000 ---p 00000000 00:00 0 
7fe7d7122000-7fe7d7125000 ---p 00000000 00:00 0 
7fe7d7125000-7fe7d7222000 rw-p 00000000 00:00 0 
7fe7d7222000-7fe7d8000000 r--p 00000000 08:05 3283198                    /usr/lib/locale/locale-archive
7fe7d8000000-7fe7d8021000 rw-p 00000000 00:00 0 
7fe7d8021000-7fe7dc000000 ---p 00000000 00:00 0 
7fe7dc000000-7fe7dc021000 rw-p 00000000 00:00 0 
7fe7dc021000-7fe7e0000000 ---p 00000000 00:00 0 
7fe7e0000000-7fe7e0021000 rw-p 00000000 00:00 0 
7fe7e0021000-7fe7e4000000 ---p 00000000 00:00 0 
7fe7e4000000-7fe7e4026000 rw-p 00000000 00:00 0 
7fe7e4026000-7fe7e8000000 ---p 00000000 00:00 0 
7fe7e8000000-7fe7e8021000 rw-p 00000000 00:00 0 
7fe7e8021000-7fe7ec000000 ---p 00000000 00:00 0 
7fe7ec000000-7fe7ec002000 r--s 00010000 08:05 2495033                    /home/prasad/.gradle/wrapper/dists/gradle-6.1.1-all/cfmwm155h49vnt3hynmlrsdst/gradle-6.1.1/lib/native-platform-windows-amd64-min-0.19.jar
7fe7ec002000-7fe7ec003000 r--s 0000f000 08:05 2495034                    /home/prasad/.gradle/wrapper/dists/gradle-6.1.1-all/cfmwm155h49vnt3hynmlrsdst/gradle-6.1.1/lib/native-platform-windows-i386-0.19.jar
7fe7ec003000-7fe7ec004000 r--s 0000f000 08:05 2495035                    /home/prasad/.gradle/wrapper/dists/gradle-6.1.1-all/cfmwm155h49vnt3hynmlrsdst/gradle-6.1.1/lib/native-platform-windows-i386-min-0.19.jar
7fe7ec004000-7fe7ec005000 r--s 00001000 08:05 2495036                    /home/prasad/.gradle/wrapper/dists/gradle-6.1.1-all/cfmwm155h49vnt3hynmlrsdst/gradle-6.1.1/lib/native-platform-linux-aarch64-ncurses5-0.19.jar
7fe7ec005000-7fe7ec006000 r--s 00002000 08:05 2495037                    /home/prasad/.gradle/wrapper/dists/gradle-6.1.1-all/cfmwm155h49vnt3hynmlrsdst/gradle-6.1.1/lib/native-platform-linux-aarch64-ncurses6-0.19.jar
7fe7ec006000-7fe7ec008000 r--s 00001000 08:05 2495038                    /home/prasad/.gradle/wrapper/dists/gradle-6.1.1-all/cfmwm155h49vnt3hynmlrsdst/gradle-6.1.1/lib/native-platform-linux-amd64-ncurses5-0.19.jar
7fe7ec008000-7fe7ec009000 r--s 00001000 08:05 2495039                    /home/prasad/.gradle/wrapper/dists/gradle-6.1.1-all/cfmwm155h49vnt3hynmlrsdst/gradle-6.1.1/lib/native-platform-linux-amd64-ncurses6-0.19.jar
7fe7ec009000-7fe7ec00a000 r--s 00001000 08:05 2495040                    /home/prasad/.gradle/wrapper/dists/gradle-6.1.1-all/cfmwm155h49vnt3hynmlrsdst/gradle-6.1.1/lib/native-platform-linux-i386-ncurses5-0.19.jar
7fe7ec00a000-7fe7ec00b000 r--s 00001000 08:05 2495041                    /home/prasad/.gradle/wrapper/dists/gradle-6.1.1-all/cfmwm155h49vnt3hynmlrsdst/gradle-6.1.1/lib/native-platform-linux-i386-ncurses6-0.19.jar
7fe7ec00b000-7fe7ec010000 r--s 0001a000 08:05 2495010                    /home/prasad/.gradle/wrapper/dists/gradle-6.1.1-all/cfmwm155h49vnt3hynmlrsdst/gradle-6.1.1/lib/native-platform-0.19.jar
7fe7ec010000-7fe7ec014000 r--s 00043000 08:05 2495007                    /home/prasad/.gradle/wrapper/dists/gradle-6.1.1-all/cfmwm155h49vnt3hynmlrsdst/gradle-6.1.1/lib/jansi-1.18.jar
7fe7ec014000-7fe7ec017000 r--s 0000d000 08:05 2494971                    /home/prasad/.gradle/wrapper/dists/gradle-6.1.1-all/cfmwm155h49vnt3hynmlrsdst/gradle-6.1.1/lib/gradle-native-6.1.1.jar
7fe7ec017000-7fe7ec019000 r--s 0000c000 08:05 2495011                    /home/prasad/.gradle/wrapper/dists/gradle-6.1.1-all/cfmwm155h49vnt3hynmlrsdst/gradle-6.1.1/lib/objenesis-2.6.jar
7fe7ec019000-7fe7ec01b000 r--s 00000000 08:05 2495019                    /home/prasad/.gradle/wrapper/dists/gradle-6.1.1-all/cfmwm155h49vnt3hynmlrsdst/gradle-6.1.1/lib/minlog-1.2.jar
7fe7ec01b000-7fe7ec021000 r--s 0004d000 08:05 2495009                    /home/prasad/.gradle/wrapper/dists/gradle-6.1.1-all/cfmwm155h49vnt3hynmlrsdst/gradle-6.1.1/lib/kryo-2.24.0.jar
7fe7ec021000-7fe7ec027000 r--s 0006d000 08:05 2495006                    /home/prasad/.gradle/wrapper/dists/gradle-6.1.1-all/cfmwm155h49vnt3hynmlrsdst/gradle-6.1.1/lib/fastutil-8.3.0-min.jar
7fe7ec027000-7fe7ec02e000 r--s 0002f000 08:05 2494970                    /home/prasad/.gradle/wrapper/dists/gradle-6.1.1-all/cfmwm155h49vnt3hynmlrsdst/gradle-6.1.1/lib/gradle-messaging-6.1.1.jar
7fe7ec02e000-7fe7ec030000 r--s 00005000 08:05 2494975                    /home/prasad/.gradle/wrapper/dists/gradle-6.1.1-all/cfmwm155h49vnt3hynmlrsdst/gradle-6.1.1/lib/gradle-cli-6.1.1.jar
7fe7ec030000-7fe7ec060000 r--s 0024c000 08:05 2494988                    /home/prasad/.gradle/wrapper/dists/gradle-6.1.1-all/cfmwm155h49vnt3hynmlrsdst/gradle-6.1.1/lib/guava-27.1-android.jar
7fe7ec060000-7fe7ec080000 r--s 00204000 08:05 2494995                    /home/prasad/.gradle/wrapper/dists/gradle-6.1.1-all/cfmwm155h49vnt3hynmlrsdst/gradle-6.1.1/lib/ant-1.10.7.jar
7fe7ec080000-7fe7ec0bc000 r--s 0020c000 08:05 2494956                    /home/prasad/.gradle/wrapper/dists/gradle-6.1.1-all/cfmwm155h49vnt3hynmlrsdst/gradle-6.1.1/lib/gradle-core-6.1.1.jar
7fe7ec0bc000-7fe7ec0cb000 r--s 00045000 08:05 2494963                    /home/prasad/.gradle/wrapper/dists/gradle-6.1.1-all/cfmwm155h49vnt3hynmlrsdst/gradle-6.1.1/lib/gradle-core-api-6.1.1.jar
7fe7ec0cb000-7fe7ec0d8000 r--s 00064000 08:05 2494973                    /home/prasad/.gradle/wrapper/dists/gradle-6.1.1-all/cfmwm155h49vnt3hynmlrsdst/gradle-6.1.1/lib/gradle-base-services-6.1.1.jar
7fe7ec0d8000-7fe7ec0ef000 r-xp 00000000 07:01 755                        /snap/android-studio/91/android-studio/jre/jre/lib/amd64/libnet.so
7fe7ec0ef000-7fe7ec0f0000 r--p 00016000 07:01 755                        /snap/android-studio/91/android-studio/jre/jre/lib/amd64/libnet.so
7fe7ec0f0000-7fe7ec0f1000 rw-p 00017000 07:01 755                        /snap/android-studio/91/android-studio/jre/jre/lib/amd64/libnet.so
7fe7ec0f1000-7fe7ec0f2000 ---p 00000000 00:00 0 
7fe7ec0f2000-7fe7ec0f5000 ---p 00000000 00:00 0 
7fe7ec0f5000-7fe7ec1f2000 rw-p 00000000 00:00 0 
7fe7ec1f2000-7fe7ec1f3000 ---p 00000000 00:00 0 
7fe7ec1f3000-7fe7ec1f6000 ---p 00000000 00:00 0 
7fe7ec1f6000-7fe7ec2f3000 rw-p 00000000 00:00 0 
7fe7ec2f3000-7fe7ec2f6000 ---p 00000000 00:00 0 
7fe7ec2f6000-7fe7ec3f4000 rw-p 00000000 00:00 0 
7fe7ec3f4000-7fe7ec3f7000 ---p 00000000 00:00 0 
7fe7ec3f7000-7fe7ec4f5000 rw-p 00000000 00:00 0 
7fe7ec4f5000-7fe7ec4f8000 ---p 00000000 00:00 0 
7fe7ec4f8000-7fe7ec5f6000 rw-p 00000000 00:00 0 
7fe7ec5f6000-7fe7ec5f7000 ---p 00000000 00:00 0 
7fe7ec5f7000-7fe7f0000000 rw-p 00000000 00:00 0 
7fe7f0000000-7fe7f0021000 rw-p 00000000 00:00 0 
7fe7f0021000-7fe7f4000000 ---p 00000000 00:00 0 
7fe7f4000000-7fe7f4001000 r--s 00003000 08:05 2494974                    /home/prasad/.gradle/wrapper/dists/gradle-6.1.1-all/cfmwm155h49vnt3hynmlrsdst/gradle-6.1.1/lib/gradle-build-option-6.1.1.jar
7fe7f4001000-7fe7f4003000 r--s 00003000 08:05 2494980                    /home/prasad/.gradle/wrapper/dists/gradle-6.1.1-all/cfmwm155h49vnt3hynmlrsdst/gradle-6.1.1/lib/gradle-hashing-6.1.1.jar
7fe7f4003000-7fe7f4005000 r--s 00003000 08:05 2495008                    /home/prasad/.gradle/wrapper/dists/gradle-6.1.1-all/cfmwm155h49vnt3hynmlrsdst/gradle-6.1.1/lib/jsr305-3.0.2.jar
7fe7f4005000-7fe7f4007000 r--s 00009000 08:05 2494987                    /home/prasad/.gradle/wrapper/dists/gradle-6.1.1-all/cfmwm155h49vnt3hynmlrsdst/gradle-6.1.1/lib/slf4j-api-1.7.28.jar
7fe7f4007000-7fe7f4017000 r-xp 00000000 07:01 756                        /snap/android-studio/91/android-studio/jre/jre/lib/amd64/libnio.so
7fe7f4017000-7fe7f4018000 ---p 00010000 07:01 756                        /snap/android-studio/91/android-studio/jre/jre/lib/amd64/libnio.so
7fe7f4018000-7fe7f4019000 r--p 00010000 07:01 756                        /snap/android-studio/91/android-studio/jre/jre/lib/amd64/libnio.so
7fe7f4019000-7fe7f401a000 rw-p 00011000 07:01 756                        /snap/android-studio/91/android-studio/jre/jre/lib/amd64/libnio.so
7fe7f401a000-7fe7f4027000 r--s 00067000 08:05 2494948                    /home/prasad/.gradle/wrapper/dists/gradle-6.1.1-all/cfmwm155h49vnt3hynmlrsdst/gradle-6.1.1/lib/gradle-launcher-6.1.1.jar
7fe7f4027000-7fe7f462d000 rw-p 00000000 00:00 0 
7fe7f462d000-7fe7f4800000 r--s 03cdf000 07:01 847                        /snap/android-studio/91/android-studio/jre/jre/lib/rt.jar
7fe7f4800000-7fe7f5000000 rw-p 00000000 00:00 0 
7fe7f5000000-7fe7f5670000 rwxp 00000000 00:00 0 
7fe7f5670000-7fe804000000 ---p 00000000 00:00 0 
7fe804000000-7fe8053d5000 rw-p 00000000 00:00 0 
7fe8053d5000-7fe808000000 ---p 00000000 00:00 0 
7fe808000000-7fe808005000 r--s 00041000 08:05 2494990                    /home/prasad/.gradle/wrapper/dists/gradle-6.1.1-all/cfmwm155h49vnt3hynmlrsdst/gradle-6.1.1/lib/commons-lang-2.6.jar
7fe808005000-7fe808009000 r--s 00031000 08:05 2494989                    /home/prasad/.gradle/wrapper/dists/gradle-6.1.1-all/cfmwm155h49vnt3hynmlrsdst/gradle-6.1.1/lib/commons-io-2.6.jar
7fe808009000-7fe808513000 rw-p 00000000 00:00 0 
7fe808513000-7fe808514000 ---p 00000000 00:00 0 
7fe808514000-7fe808614000 rw-p 00000000 00:00 0 
7fe808614000-7fe808615000 ---p 00000000 00:00 0 
7fe808615000-7fe808715000 rw-p 00000000 00:00 0 
7fe808715000-7fe808716000 ---p 00000000 00:00 0 
7fe808716000-7fe808816000 rw-p 00000000 00:00 0 
7fe808816000-7fe808817000 ---p 00000000 00:00 0 
7fe808817000-7fe80893a000 rw-p 00000000 00:00 0 
7fe80893a000-7fe808b17000 ---p 00000000 00:00 0 
7fe808b17000-7fe808b3a000 rw-p 00000000 00:00 0 
7fe808b3a000-7fe808d17000 ---p 00000000 00:00 0 
7fe808d17000-7fe808d7d000 rw-p 00000000 00:00 0 
7fe808d7d000-7fe808e17000 ---p 00000000 00:00 0 
7fe808e17000-7fe808e32000 rw-p 00000000 00:00 0 
7fe808e32000-7fe8091d8000 ---p 00000000 00:00 0 
7fe8091d8000-7fe8091f3000 r-xp 00000000 07:01 764                        /snap/android-studio/91/android-studio/jre/jre/lib/amd64/libzip.so
7fe8091f3000-7fe8091f4000 r--p 0001a000 07:01 764                        /snap/android-studio/91/android-studio/jre/jre/lib/amd64/libzip.so
7fe8091f4000-7fe8091f5000 rw-p 0001b000 07:01 764                        /snap/android-studio/91/android-studio/jre/jre/lib/amd64/libzip.so
7fe8091f5000-7fe8091f8000 r--p 00000000 08:05 3284882                    /usr/lib/x86_64-linux-gnu/libnss_files-2.31.so
7fe8091f8000-7fe8091ff000 r-xp 00003000 08:05 3284882                    /usr/lib/x86_64-linux-gnu/libnss_files-2.31.so
7fe8091ff000-7fe809201000 r--p 0000a000 08:05 3284882                    /usr/lib/x86_64-linux-gnu/libnss_files-2.31.so
7fe809201000-7fe809202000 r--p 0000b000 08:05 3284882                    /usr/lib/x86_64-linux-gnu/libnss_files-2.31.so
7fe809202000-7fe809203000 rw-p 0000c000 08:05 3284882                    /usr/lib/x86_64-linux-gnu/libnss_files-2.31.so
7fe809203000-7fe809209000 rw-p 00000000 00:00 0 
7fe809209000-7fe80920a000 r--s 00000000 08:05 2494981                    /home/prasad/.gradle/wrapper/dists/gradle-6.1.1-all/cfmwm155h49vnt3hynmlrsdst/gradle-6.1.1/lib/gradle-pineapple-6.1.1.jar
7fe80920a000-7fe80920c000 r--s 00000000 08:05 2495022                    /home/prasad/.gradle/wrapper/dists/gradle-6.1.1-all/cfmwm155h49vnt3hynmlrsdst/gradle-6.1.1/lib/failureaccess-1.0.1.jar
7fe80920c000-7fe80920e000 r--s 0001b000 08:05 2494994                    /home/prasad/.gradle/wrapper/dists/gradle-6.1.1-all/cfmwm155h49vnt3hynmlrsdst/gradle-6.1.1/lib/asm-7.1.jar
7fe80920e000-7fe80920f000 r--s 00004000 08:05 2495018                    /home/prasad/.gradle/wrapper/dists/gradle-6.1.1-all/cfmwm155h49vnt3hynmlrsdst/gradle-6.1.1/lib/ant-launcher-1.10.7.jar
7fe80920f000-7fe809211000 r--s 00001000 08:05 2494955                    /home/prasad/.gradle/wrapper/dists/gradle-6.1.1-all/cfmwm155h49vnt3hynmlrsdst/gradle-6.1.1/lib/gradle-bootstrap-6.1.1.jar
7fe809211000-7fe809219000 rw-s 00000000 08:05 7083342                    /tmp/hsperfdata_prasad/16503
7fe809219000-7fe80921a000 rw-p 00000000 00:00 0 
7fe80921a000-7fe809242000 r-xp 00000000 07:01 743                        /snap/android-studio/91/android-studio/jre/jre/lib/amd64/libjava.so
7fe809242000-7fe809243000 r--p 00027000 07:01 743                        /snap/android-studio/91/android-studio/jre/jre/lib/amd64/libjava.so
7fe809243000-7fe809245000 rw-p 00028000 07:01 743                        /snap/android-studio/91/android-studio/jre/jre/lib/amd64/libjava.so
7fe809245000-7fe809248000 r--p 00000000 08:05 3285084                    /usr/lib/x86_64-linux-gnu/librt-2.31.so
7fe809248000-7fe80924c000 r-xp 00003000 08:05 3285084                    /usr/lib/x86_64-linux-gnu/librt-2.31.so
7fe80924c000-7fe80924d000 r--p 00007000 08:05 3285084                    /usr/lib/x86_64-linux-gnu/librt-2.31.so
7fe80924d000-7fe80924e000 ---p 00008000 08:05 3285084                    /usr/lib/x86_64-linux-gnu/librt-2.31.so
7fe80924e000-7fe80924f000 r--p 00008000 08:05 3285084                    /usr/lib/x86_64-linux-gnu/librt-2.31.so
7fe80924f000-7fe809250000 rw-p 00009000 08:05 3285084                    /usr/lib/x86_64-linux-gnu/librt-2.31.so
7fe809250000-7fe809251000 ---p 00000000 00:00 0 
7fe809251000-7fe809254000 ---p 00000000 00:00 0 
7fe809254000-7fe809351000 rw-p 00000000 00:00 0 
7fe809351000-7fe809360000 r--p 00000000 08:05 3284758                    /usr/lib/x86_64-linux-gnu/libm-2.31.so
7fe809360000-7fe809407000 r-xp 0000f000 08:05 3284758                    /usr/lib/x86_64-linux-gnu/libm-2.31.so
7fe809407000-7fe80949e000 r--p 000b6000 08:05 3284758                    /usr/lib/x86_64-linux-gnu/libm-2.31.so
7fe80949e000-7fe80949f000 r--p 0014c000 08:05 3284758                    /usr/lib/x86_64-linux-gnu/libm-2.31.so
7fe80949f000-7fe8094a0000 rw-p 0014d000 08:05 3284758                    /usr/lib/x86_64-linux-gnu/libm-2.31.so
7fe8094a0000-7fe80a0cf000 r-xp 00000000 07:01 768                        /snap/android-studio/91/android-studio/jre/jre/lib/amd64/server/libjvm.so
7fe80a0cf000-7fe80a177000 r--p 00c2e000 07:01 768                        /snap/android-studio/91/android-studio/jre/jre/lib/amd64/server/libjvm.so
7fe80a177000-7fe80a1a0000 rw-p 00cd6000 07:01 768                        /snap/android-studio/91/android-studio/jre/jre/lib/amd64/server/libjvm.so
7fe80a1a0000-7fe80a1e6000 rw-p 00000000 00:00 0 
7fe80a1e6000-7fe80a20b000 r--p 00000000 08:05 3284120                    /usr/lib/x86_64-linux-gnu/libc-2.31.so
7fe80a20b000-7fe80a383000 r-xp 00025000 08:05 3284120                    /usr/lib/x86_64-linux-gnu/libc-2.31.so
7fe80a383000-7fe80a3cd000 r--p 0019d000 08:05 3284120                    /usr/lib/x86_64-linux-gnu/libc-2.31.so
7fe80a3cd000-7fe80a3ce000 ---p 001e7000 08:05 3284120                    /usr/lib/x86_64-linux-gnu/libc-2.31.so
7fe80a3ce000-7fe80a3d1000 r--p 001e7000 08:05 3284120                    /usr/lib/x86_64-linux-gnu/libc-2.31.so
7fe80a3d1000-7fe80a3d4000 rw-p 001ea000 08:05 3284120                    /usr/lib/x86_64-linux-gnu/libc-2.31.so
7fe80a3d4000-7fe80a3d8000 rw-p 00000000 00:00 0 
7fe80a3d8000-7fe80a3d9000 r--p 00000000 08:05 3284255                    /usr/lib/x86_64-linux-gnu/libdl-2.31.so
7fe80a3d9000-7fe80a3db000 r-xp 00001000 08:05 3284255                    /usr/lib/x86_64-linux-gnu/libdl-2.31.so
7fe80a3db000-7fe80a3dc000 r--p 00003000 08:05 3284255                    /usr/lib/x86_64-linux-gnu/libdl-2.31.so
7fe80a3dc000-7fe80a3dd000 r--p 00003000 08:05 3284255                    /usr/lib/x86_64-linux-gnu/libdl-2.31.so
7fe80a3dd000-7fe80a3de000 rw-p 00004000 08:05 3284255                    /usr/lib/x86_64-linux-gnu/libdl-2.31.so
7fe80a3de000-7fe80a3f4000 r-xp 00000000 07:01 865                        /snap/android-studio/91/android-studio/jre/lib/amd64/jli/libjli.so
7fe80a3f4000-7fe80a3f5000 r--p 00015000 07:01 865                        /snap/android-studio/91/android-studio/jre/lib/amd64/jli/libjli.so
7fe80a3f5000-7fe80a3f6000 rw-p 00016000 07:01 865                        /snap/android-studio/91/android-studio/jre/lib/amd64/jli/libjli.so
7fe80a3f6000-7fe80a3fd000 r--p 00000000 08:05 3285023                    /usr/lib/x86_64-linux-gnu/libpthread-2.31.so
7fe80a3fd000-7fe80a40e000 r-xp 00007000 08:05 3285023                    /usr/lib/x86_64-linux-gnu/libpthread-2.31.so
7fe80a40e000-7fe80a413000 r--p 00018000 08:05 3285023                    /usr/lib/x86_64-linux-gnu/libpthread-2.31.so
7fe80a413000-7fe80a414000 r--p 0001c000 08:05 3285023                    /usr/lib/x86_64-linux-gnu/libpthread-2.31.so
7fe80a414000-7fe80a415000 rw-p 0001d000 08:05 3285023                    /usr/lib/x86_64-linux-gnu/libpthread-2.31.so
7fe80a415000-7fe80a419000 rw-p 00000000 00:00 0 
7fe80a419000-7fe80a426000 r-xp 00000000 07:01 763                        /snap/android-studio/91/android-studio/jre/jre/lib/amd64/libverify.so
7fe80a426000-7fe80a428000 r--p 0000c000 07:01 763                        /snap/android-studio/91/android-studio/jre/jre/lib/amd64/libverify.so
7fe80a428000-7fe80a429000 rw-p 0000e000 07:01 763                        /snap/android-studio/91/android-studio/jre/jre/lib/amd64/libverify.so
7fe80a429000-7fe80a42b000 rw-p 00000000 00:00 0 
7fe80a42b000-7fe80a42c000 r--p 00000000 08:05 3283907                    /usr/lib/x86_64-linux-gnu/ld-2.31.so
7fe80a42c000-7fe80a44f000 r-xp 00001000 08:05 3283907                    /usr/lib/x86_64-linux-gnu/ld-2.31.so
7fe80a44f000-7fe80a457000 r--p 00024000 08:05 3283907                    /usr/lib/x86_64-linux-gnu/ld-2.31.so
7fe80a457000-7fe80a458000 r--p 00000000 00:00 0 
7fe80a458000-7fe80a459000 r--p 0002c000 08:05 3283907                    /usr/lib/x86_64-linux-gnu/ld-2.31.so
7fe80a459000-7fe80a45a000 rw-p 0002d000 08:05 3283907                    /usr/lib/x86_64-linux-gnu/ld-2.31.so
7fe80a45a000-7fe80a45b000 rw-p 00000000 00:00 0 
7fff2e5c8000-7fff2e5e9000 rw-p 00000000 00:00 0                          [stack]
7fff2e5e9000-7fff2e5ec000 r--p 00000000 00:00 0                          [vvar]
7fff2e5ec000-7fff2e5ed000 r-xp 00000000 00:00 0                          [vdso]
ffffffffff600000-ffffffffff601000 --xp 00000000 00:00 0                  [vsyscall]

VM Arguments:
jvm_args: -Xmx1536m -Dfile.encoding=UTF-8 -Duser.country=IN -Duser.language=en -Duser.variant 
java_command: org.gradle.launcher.daemon.bootstrap.GradleDaemon 6.1.1
java_class_path (initial): /home/prasad/.gradle/wrapper/dists/gradle-6.1.1-all/cfmwm155h49vnt3hynmlrsdst/gradle-6.1.1/lib/gradle-launcher-6.1.1.jar
Launcher Type: SUN_STANDARD

Environment Variables:
PATH=/usr/local/sbin:/usr/local/bin:/usr/sbin:/usr/bin:/sbin:/bin:/usr/games:/usr/local/games:/snap/bin
USERNAME=prasad
SHELL=/bin/bash
DISPLAY=:0

Signal Handlers:
SIGSEGV: [libjvm.so+0xa13c80], sa_mask[0]=11111111011111111101111111111110, sa_flags=SA_RESTART|SA_SIGINFO
SIGBUS: [libjvm.so+0xa13c80], sa_mask[0]=11111111011111111101111111111110, sa_flags=SA_RESTART|SA_SIGINFO
SIGFPE: [libjvm.so+0x874670], sa_mask[0]=11111111011111111101111111111110, sa_flags=SA_RESTART|SA_SIGINFO
SIGPIPE: [libjvm.so+0x874670], sa_mask[0]=11111111011111111101111111111110, sa_flags=SA_RESTART|SA_SIGINFO
SIGXFSZ: [libjvm.so+0x874670], sa_mask[0]=11111111011111111101111111111110, sa_flags=SA_RESTART|SA_SIGINFO
SIGILL: [libjvm.so+0x874670], sa_mask[0]=11111111011111111101111111111110, sa_flags=SA_RESTART|SA_SIGINFO
SIGUSR1: SIG_DFL, sa_mask[0]=00000000000000000000000000000000, sa_flags=none
SIGUSR2: [libjvm.so+0x874540], sa_mask[0]=00100000000000000000000000000000, sa_flags=SA_RESTART|SA_SIGINFO
SIGHUP: SIG_IGN, sa_mask[0]=00000000000000000000000000000000, sa_flags=none
SIGINT: [libjvm.so+0x874730], sa_mask[0]=11111111011111111101111111111110, sa_flags=SA_RESTART|SA_SIGINFO
SIGTERM: [libjvm.so+0x874730], sa_mask[0]=11111111011111111101111111111110, sa_flags=SA_RESTART|SA_SIGINFO
SIGQUIT: [libjvm.so+0x874730], sa_mask[0]=11111111011111111101111111111110, sa_flags=SA_RESTART|SA_SIGINFO


---------------  S Y S T E M  ---------------

OS:DISTRIB_ID=Ubuntu
DISTRIB_RELEASE=20.04
DISTRIB_CODENAME=focal
DISTRIB_DESCRIPTION="Ubuntu 20.04.1 LTS"

uname:Linux 5.4.0-42-generic #46-Ubuntu SMP Fri Jul 10 00:24:02 UTC 2020 x86_64
libc:glibc 2.31 NPTL 2.31 
rlimit: STACK 8192k, CORE 0k, NPROC 47220, NOFILE 1048576, AS infinity
load average:5.25 4.49 2.70

/proc/meminfo:
MemTotal:       12144844 kB
MemFree:         1612560 kB
MemAvailable:    7749052 kB
Buffers:          405992 kB
Cached:          6357504 kB
SwapCached:           32 kB
Active:          7687348 kB
Inactive:        2288532 kB
Active(anon):    3087684 kB
Inactive(anon):   722516 kB
Active(file):    4599664 kB
Inactive(file):  1566016 kB
Unevictable:       19972 kB
Mlocked:              16 kB
SwapTotal:       2097148 kB
SwapFree:        2096124 kB
Dirty:            297156 kB
Writeback:             0 kB
AnonPages:       3232436 kB
Mapped:          2205776 kB
Shmem:            597820 kB
KReclaimable:     291056 kB
Slab:             436604 kB
SReclaimable:     291056 kB
SUnreclaim:       145548 kB
KernelStack:       12304 kB
PageTables:        25988 kB
NFS_Unstable:          0 kB
Bounce:                0 kB
WritebackTmp:          0 kB
CommitLimit:     8169568 kB
Committed_AS:    8181880 kB
VmallocTotal:   34359738367 kB
VmallocUsed:       25604 kB
VmallocChunk:          0 kB
Percpu:            14848 kB
HardwareCorrupted:     0 kB
AnonHugePages:      2048 kB
ShmemHugePages:        0 kB
ShmemPmdMapped:        0 kB
FileHugePages:         0 kB
FilePmdMapped:         0 kB
CmaTotal:              0 kB
CmaFree:               0 kB
HugePages_Total:       0
HugePages_Free:        0
HugePages_Rsvd:        0
HugePages_Surp:        0
Hugepagesize:       2048 kB
Hugetlb:               0 kB
DirectMap4k:      292304 kB
DirectMap2M:    12169216 kB

container (cgroup) information:
container_type: cgroupv1
cpu_cpuset_cpus: 0-3
cpu_memory_nodes: 0
active_processor_count: 4
cpu_quota: -1
cpu_period: 100000
cpu_shares: -1
memory_limit_in_bytes: -1
memory_and_swap_limit_in_bytes: -2
memory_soft_limit_in_bytes: -1
memory_usage_in_bytes: 9080762368
memory_max_usage_in_bytes: 10628829184


CPU:total 4 (initial active 4) (4 cores per cpu, 1 threads per core) family 6 model 42 stepping 7, cmov, cx8, fxsr, mmx, sse, sse2, sse3, ssse3, sse4.1, sse4.2, popcnt, avx, aes, clmul, tsc, tscinvbit

/proc/cpuinfo:
processor	: 0
vendor_id	: GenuineIntel
cpu family	: 6
model		: 42
model name	: Intel(R) Core(TM) i5-2400 CPU @ 3.10GHz
stepping	: 7
microcode	: 0x2f
cpu MHz		: 3223.549
cache size	: 6144 KB
physical id	: 0
siblings	: 4
core id		: 0
cpu cores	: 4
apicid		: 0
initial apicid	: 0
fpu		: yes
fpu_exception	: yes
cpuid level	: 13
wp		: yes
flags		: fpu vme de pse tsc msr pae mce cx8 apic sep mtrr pge mca cmov pat pse36 clflush dts acpi mmx fxsr sse sse2 ht tm pbe syscall nx rdtscp lm constant_tsc arch_perfmon pebs bts rep_good nopl xtopology nonstop_tsc cpuid aperfmperf pni pclmulqdq dtes64 monitor ds_cpl vmx smx est tm2 ssse3 cx16 xtpr pdcm pcid sse4_1 sse4_2 x2apic popcnt tsc_deadline_timer aes xsave avx lahf_lm epb pti ssbd ibrs ibpb stibp tpr_shadow vnmi flexpriority ept vpid xsaveopt dtherm ida arat pln pts md_clear flush_l1d
bugs		: cpu_meltdown spectre_v1 spectre_v2 spec_store_bypass l1tf mds swapgs itlb_multihit
bogomips	: 6186.27
clflush size	: 64
cache_alignment	: 64
address sizes	: 36 bits physical, 48 bits virtual
power management:

processor	: 1
vendor_id	: GenuineIntel
cpu family	: 6
model		: 42
model name	: Intel(R) Core(TM) i5-2400 CPU @ 3.10GHz
stepping	: 7
microcode	: 0x2f
cpu MHz		: 3193.883
cache size	: 6144 KB
physical id	: 0
siblings	: 4
core id		: 1
cpu cores	: 4
apicid		: 2
initial apicid	: 2
fpu		: yes
fpu_exception	: yes
cpuid level	: 13
wp		: yes
flags		: fpu vme de pse tsc msr pae mce cx8 apic sep mtrr pge mca cmov pat pse36 clflush dts acpi mmx fxsr sse sse2 ht tm pbe syscall nx rdtscp lm constant_tsc arch_perfmon pebs bts rep_good nopl xtopology nonstop_tsc cpuid aperfmperf pni pclmulqdq dtes64 monitor ds_cpl vmx smx est tm2 ssse3 cx16 xtpr pdcm pcid sse4_1 sse4_2 x2apic popcnt tsc_deadline_timer aes xsave avx lahf_lm epb pti ssbd ibrs ibpb stibp tpr_shadow vnmi flexpriority ept vpid xsaveopt dtherm ida arat pln pts md_clear flush_l1d
bugs		: cpu_meltdown spectre_v1 spectre_v2 spec_store_bypass l1tf mds swapgs itlb_multihit
bogomips	: 6186.27
clflush size	: 64
cache_alignment	: 64
address sizes	: 36 bits physical, 48 bits virtual
power management:

processor	: 2
vendor_id	: GenuineIntel
cpu family	: 6
model		: 42
model name	: Intel(R) Core(TM) i5-2400 CPU @ 3.10GHz
stepping	: 7
microcode	: 0x2f
cpu MHz		: 3202.027
cache size	: 6144 KB
physical id	: 0
siblings	: 4
core id		: 2
cpu cores	: 4
apicid		: 4
initial apicid	: 4
fpu		: yes
fpu_exception	: yes
cpuid level	: 13
wp		: yes
flags		: fpu vme de pse tsc msr pae mce cx8 apic sep mtrr pge mca cmov pat pse36 clflush dts acpi mmx fxsr sse sse2 ht tm pbe syscall nx rdtscp lm constant_tsc arch_perfmon pebs bts rep_good nopl xtopology nonstop_tsc cpuid aperfmperf pni pclmulqdq dtes64 monitor ds_cpl vmx smx est tm2 ssse3 cx16 xtpr pdcm pcid sse4_1 sse4_2 x2apic popcnt tsc_deadline_timer aes xsave avx lahf_lm epb pti ssbd ibrs ibpb stibp tpr_shadow vnmi flexpriority ept vpid xsaveopt dtherm ida arat pln pts md_clear flush_l1d
bugs		: cpu_meltdown spectre_v1 spectre_v2 spec_store_bypass l1tf mds swapgs itlb_multihit
bogomips	: 6186.27
clflush size	: 64
cache_alignment	: 64
address sizes	: 36 bits physical, 48 bits virtual
power management:

processor	: 3
vendor_id	: GenuineIntel
cpu family	: 6
model		: 42
model name	: Intel(R) Core(TM) i5-2400 CPU @ 3.10GHz
stepping	: 7
microcode	: 0x2f
cpu MHz		: 3223.005
cache size	: 6144 KB
physical id	: 0
siblings	: 4
core id		: 3
cpu cores	: 4
apicid		: 6
initial apicid	: 6
fpu		: yes
fpu_exception	: yes
cpuid level	: 13
wp		: yes
flags		: fpu vme de pse tsc msr pae mce cx8 apic sep mtrr pge mca cmov pat pse36 clflush dts acpi mmx fxsr sse sse2 ht tm pbe syscall nx rdtscp lm constant_tsc arch_perfmon pebs bts rep_good nopl xtopology nonstop_tsc cpuid aperfmperf pni pclmulqdq dtes64 monitor ds_cpl vmx smx est tm2 ssse3 cx16 xtpr pdcm pcid sse4_1 sse4_2 x2apic popcnt tsc_deadline_timer aes xsave avx lahf_lm epb pti ssbd ibrs ibpb stibp tpr_shadow vnmi flexpriority ept vpid xsaveopt dtherm ida arat pln pts md_clear flush_l1d
bugs		: cpu_meltdown spectre_v1 spectre_v2 spec_store_bypass l1tf mds swapgs itlb_multihit
bogomips	: 6186.27
clflush size	: 64
cache_alignment	: 64
address sizes	: 36 bits physical, 48 bits virtual
power management:



Memory: 4k page, physical 12144844k(1612024k free), swap 2097148k(2096124k free)

vm_info: OpenJDK 64-Bit Server VM (25.242-b3-6222593) for linux-amd64 JRE (1.8.0_242-release-1644-b3-6222593), built by "android-build" with gcc 4.8

time: Tue Aug 25 11:15:39 2020
timezone: IST
elapsed time: 2 seconds (0d 0h 0m 2s)

